This file contains any messages produced by compilers while
running configure, to aid debugging if configure makes a mistake.

It was created by wolfssl configure 4.5.0, which was
generated by GNU Autoconf 2.69.  Invocation command line was

  $ ./configure LDFLAGS=-static

## --------- ##
## Platform. ##
## --------- ##

hostname = pi
uname -m = x86_64
uname -r = 5.4.0-53-generic
uname -s = Linux
uname -v = #59-Ubuntu SMP Wed Oct 21 09:38:44 UTC 2020

/usr/bin/uname -p = x86_64
/bin/uname -X     = unknown

/bin/arch              = x86_64
/usr/bin/arch -k       = unknown
/usr/convex/getsysinfo = unknown
/usr/bin/hostinfo      = unknown
/bin/machine           = unknown
/usr/bin/oslevel       = unknown
/bin/universe          = unknown

PATH: ~/local/sstcore-10.0.0/bin
PATH: ~/dotfiles/myscripts
PATH: /home/xren/anaconda3/bin
PATH: /home/xren/.local/bin
PATH: /home/xren/bin
PATH: /usr/local/sbin
PATH: /usr/local/bin
PATH: /usr/sbin
PATH: /usr/bin
PATH: /sbin
PATH: /bin
PATH: /usr/games
PATH: /usr/local/games
PATH: /snap/bin
PATH: /opt/rocm/bin
PATH: /opt/rocm/profiler/bin
PATH: /opt/rocm/opencl/bin/x86_64


## ----------- ##
## Core tests. ##
## ----------- ##

configure:3343: checking for gcc
configure:3359: found /usr/bin/gcc
configure:3370: result: gcc
configure:3599: checking for C compiler version
configure:3608: gcc --version >&5
gcc (Ubuntu 9.3.0-17ubuntu1~20.04) 9.3.0
Copyright (C) 2019 Free Software Foundation, Inc.
This is free software; see the source for copying conditions.  There is NO
warranty; not even for MERCHANTABILITY or FITNESS FOR A PARTICULAR PURPOSE.

configure:3619: $? = 0
configure:3608: gcc -v >&5
Using built-in specs.
COLLECT_GCC=gcc
COLLECT_LTO_WRAPPER=/usr/lib/gcc/x86_64-linux-gnu/9/lto-wrapper
OFFLOAD_TARGET_NAMES=nvptx-none:hsa
OFFLOAD_TARGET_DEFAULT=1
Target: x86_64-linux-gnu
Configured with: ../src/configure -v --with-pkgversion='Ubuntu 9.3.0-17ubuntu1~20.04' --with-bugurl=file:///usr/share/doc/gcc-9/README.Bugs --enable-languages=c,ada,c++,go,brig,d,fortran,objc,obj-c++,gm2 --prefix=/usr --with-gcc-major-version-only --program-suffix=-9 --program-prefix=x86_64-linux-gnu- --enable-shared --enable-linker-build-id --libexecdir=/usr/lib --without-included-gettext --enable-threads=posix --libdir=/usr/lib --enable-nls --enable-clocale=gnu --enable-libstdcxx-debug --enable-libstdcxx-time=yes --with-default-libstdcxx-abi=new --enable-gnu-unique-object --disable-vtable-verify --enable-plugin --enable-default-pie --with-system-zlib --with-target-system-zlib=auto --enable-objc-gc=auto --enable-multiarch --disable-werror --with-arch-32=i686 --with-abi=m64 --with-multilib-list=m32,m64,mx32 --enable-multilib --with-tune=generic --enable-offload-targets=nvptx-none=/build/gcc-9-HskZEa/gcc-9-9.3.0/debian/tmp-nvptx/usr,hsa --without-cuda-driver --enable-checking=release --build=x86_64-linux-gnu --host=x86_64-linux-gnu --target=x86_64-linux-gnu
Thread model: posix
gcc version 9.3.0 (Ubuntu 9.3.0-17ubuntu1~20.04) 
configure:3619: $? = 0
configure:3608: gcc -V >&5
gcc: error: unrecognized command line option '-V'
gcc: fatal error: no input files
compilation terminated.
configure:3619: $? = 1
configure:3608: gcc -qversion >&5
gcc: error: unrecognized command line option '-qversion'; did you mean '--version'?
gcc: fatal error: no input files
compilation terminated.
configure:3619: $? = 1
configure:3639: checking whether the C compiler works
configure:3661: gcc   -static conftest.c  >&5
configure:3665: $? = 0
configure:3713: result: yes
configure:3716: checking for C compiler default output file name
configure:3718: result: a.out
configure:3724: checking for suffix of executables
configure:3731: gcc -o conftest   -static conftest.c  >&5
configure:3735: $? = 0
configure:3757: result: 
configure:3779: checking whether we are cross compiling
configure:3787: gcc -o conftest   -static conftest.c  >&5
configure:3791: $? = 0
configure:3798: ./conftest
configure:3802: $? = 0
configure:3790: result: no
configure:3795: checking for suffix of object files
configure:3817: gcc -c   conftest.c >&5
configure:3821: $? = 0
configure:3842: result: o
configure:3846: checking whether we are using the GNU C compiler
configure:3865: gcc -c   conftest.c >&5
configure:3865: $? = 0
configure:3874: result: yes
configure:3883: checking whether gcc accepts -g
configure:3903: gcc -c -g  conftest.c >&5
configure:3903: $? = 0
configure:3944: result: yes
configure:3961: checking for gcc option to accept ISO C89
configure:4024: gcc  -c   conftest.c >&5
configure:4024: $? = 0
configure:4037: result: none needed
configure:4065: checking whether gcc understands -c and -o together
configure:4087: gcc -c conftest.c -o conftest2.o
configure:4090: $? = 0
configure:4087: gcc -c conftest.c -o conftest2.o
configure:4090: $? = 0
configure:4102: result: yes
configure:4124: checking build system type
configure:4138: result: x86_64-pc-linux-gnu
configure:4158: checking host system type
configure:4171: result: x86_64-pc-linux-gnu
configure:4209: checking for a BSD-compatible install
configure:4277: result: /usr/bin/install -c
configure:4288: checking whether build environment is sane
configure:4343: result: yes
configure:4489: checking for a thread-safe mkdir -p
configure:4528: result: /usr/bin/mkdir -p
configure:4535: checking for gawk
configure:4565: result: no
configure:4535: checking for mawk
configure:4551: found /usr/bin/mawk
configure:4562: result: mawk
configure:4573: checking whether make sets $(MAKE)
configure:4595: result: yes
configure:4617: checking whether make supports the include directive
configure:4632: make -f confmf.GNU && cat confinc.out
this is the am__doit target
configure:4635: $? = 0
configure:4654: result: yes (GNU style)
configure:4687: checking whether make supports nested variables
configure:4704: result: yes
configure:4784: checking whether UID '1000' is supported by ustar format
configure:4787: result: yes
configure:4794: checking whether GID '1000' is supported by ustar format
configure:4797: result: yes
configure:4805: checking how to create a ustar tar archive
configure:4816: tar --version
tar (GNU tar) 1.30
Copyright (C) 2017 Free Software Foundation, Inc.
License GPLv3+: GNU GPL version 3 or later <https://gnu.org/licenses/gpl.html>.
This is free software: you are free to change and redistribute it.
There is NO WARRANTY, to the extent permitted by law.

Written by John Gilmore and Jay Fenlason.
configure:4819: $? = 0
configure:4859: tardir=conftest.dir && eval tar --format=ustar -chf - "$tardir" >conftest.tar
configure:4862: $? = 0
configure:4866: tar -xf - <conftest.tar
configure:4869: $? = 0
configure:4871: cat conftest.dir/file
GrepMe
configure:4874: $? = 0
configure:4887: result: gnutar
configure:4896: checking dependency style of gcc
configure:5007: result: gcc3
configure:5076: checking whether make supports nested variables
configure:5093: result: yes
configure:5157: checking how to print strings
configure:5184: result: printf
configure:5205: checking for a sed that does not truncate output
configure:5269: result: /usr/bin/sed
configure:5287: checking for grep that handles long lines and -e
configure:5345: result: /usr/bin/grep
configure:5350: checking for egrep
configure:5412: result: /usr/bin/grep -E
configure:5417: checking for fgrep
configure:5479: result: /usr/bin/grep -F
configure:5514: checking for ld used by gcc
configure:5581: result: /usr/bin/ld
configure:5588: checking if the linker (/usr/bin/ld) is GNU ld
configure:5603: result: yes
configure:5615: checking for BSD- or MS-compatible name lister (nm)
configure:5669: result: /usr/bin/nm -B
configure:5799: checking the name lister (/usr/bin/nm -B) interface
configure:5806: gcc -c   conftest.c >&5
configure:5809: /usr/bin/nm -B "conftest.o"
configure:5812: output
0000000000000000 B some_variable
configure:5813: result: BSD nm
configure:5816: checking whether ln -s works
configure:5820: result: yes
configure:5828: checking the maximum length of command line arguments
configure:5959: result: 1572864
configure:6007: checking how to convert x86_64-pc-linux-gnu file names to x86_64-pc-linux-gnu format
configure:6047: result: func_convert_file_noop
configure:6054: checking how to convert x86_64-pc-linux-gnu file names to toolchain format
configure:6074: result: func_convert_file_noop
configure:6081: checking for /usr/bin/ld option to reload object files
configure:6088: result: -r
configure:6162: checking for objdump
configure:6178: found /usr/bin/objdump
configure:6189: result: objdump
configure:6218: checking how to recognize dependent libraries
configure:6418: result: pass_all
configure:6503: checking for dlltool
configure:6533: result: no
configure:6560: checking how to associate runtime and link libraries
configure:6587: result: printf %s\n
configure:6648: checking for ar
configure:6664: found /usr/bin/ar
configure:6675: result: ar
configure:6712: checking for archiver @FILE support
configure:6729: gcc -c   conftest.c >&5
configure:6729: $? = 0
configure:6732: ar Ucru libconftest.a @conftest.lst >&5
configure:6735: $? = 0
configure:6740: ar Ucru libconftest.a @conftest.lst >&5
ar: conftest.o: No such file or directory
configure:6743: $? = 1
configure:6742: result: @
configure:6800: checking for strip
configure:6816: found /usr/bin/strip
configure:6827: result: strip
configure:6899: checking for ranlib
configure:6915: found /usr/bin/ranlib
configure:6926: result: ranlib
configure:7028: checking command to parse /usr/bin/nm -B output from gcc object
configure:7181: gcc -c   conftest.c >&5
configure:7184: $? = 0
configure:7188: /usr/bin/nm -B conftest.o \| sed -n -e 's/^.*[ ]\([ABCDGIRSTW][ABCDGIRSTW]*\)[ ][ ]*\([_A-Za-z][_A-Za-z0-9]*\)$/\1 \2 \2/p' | sed '/ __gnu_lto/d' \> conftest.nm
configure:7191: $? = 0
configure:7257: gcc -o conftest   -static conftest.c conftstm.o >&5
configure:7260: $? = 0
configure:7298: result: ok
configure:7345: checking for sysroot
configure:7375: result: no
configure:7382: checking for a working dd
configure:7420: result: /usr/bin/dd
configure:7424: checking how to truncate binary pipes
configure:7439: result: /usr/bin/dd bs=4096 count=1
configure:7575: gcc -c   conftest.c >&5
configure:7578: $? = 0
configure:7768: checking for mt
configure:7784: found /usr/bin/mt
configure:7795: result: mt
configure:7818: checking if mt is a manifest tool
configure:7824: mt '-?'
configure:7832: result: no
configure:8504: checking how to run the C preprocessor
configure:8535: gcc -E  conftest.c
configure:8535: $? = 0
configure:8549: gcc -E  conftest.c
conftest.c:9:10: fatal error: ac_nonexistent.h: No such file or directory
    9 | #include <ac_nonexistent.h>
      |          ^~~~~~~~~~~~~~~~~~
compilation terminated.
configure:8549: $? = 1
configure: failed program was:
| /* confdefs.h */
| #define PACKAGE_NAME "wolfssl"
| #define PACKAGE_TARNAME "wolfssl"
| #define PACKAGE_VERSION "4.5.0"
| #define PACKAGE_STRING "wolfssl 4.5.0"
| #define PACKAGE_BUGREPORT "https://github.com/wolfssl/wolfssl/issues"
| #define PACKAGE_URL "https://www.wolfssl.com"
| /* end confdefs.h.  */
| #include <ac_nonexistent.h>
configure:8574: result: gcc -E
configure:8594: gcc -E  conftest.c
configure:8594: $? = 0
configure:8608: gcc -E  conftest.c
conftest.c:9:10: fatal error: ac_nonexistent.h: No such file or directory
    9 | #include <ac_nonexistent.h>
      |          ^~~~~~~~~~~~~~~~~~
compilation terminated.
configure:8608: $? = 1
configure: failed program was:
| /* confdefs.h */
| #define PACKAGE_NAME "wolfssl"
| #define PACKAGE_TARNAME "wolfssl"
| #define PACKAGE_VERSION "4.5.0"
| #define PACKAGE_STRING "wolfssl 4.5.0"
| #define PACKAGE_BUGREPORT "https://github.com/wolfssl/wolfssl/issues"
| #define PACKAGE_URL "https://www.wolfssl.com"
| /* end confdefs.h.  */
| #include <ac_nonexistent.h>
configure:8637: checking for ANSI C header files
configure:8657: gcc -c   conftest.c >&5
configure:8657: $? = 0
configure:8730: gcc -o conftest   -static conftest.c  >&5
configure:8730: $? = 0
configure:8730: ./conftest
configure:8730: $? = 0
configure:8741: result: yes
configure:8754: checking for sys/types.h
configure:8754: gcc -c   conftest.c >&5
configure:8754: $? = 0
configure:8754: result: yes
configure:8754: checking for sys/stat.h
configure:8754: gcc -c   conftest.c >&5
configure:8754: $? = 0
configure:8754: result: yes
configure:8754: checking for stdlib.h
configure:8754: gcc -c   conftest.c >&5
configure:8754: $? = 0
configure:8754: result: yes
configure:8754: checking for string.h
configure:8754: gcc -c   conftest.c >&5
configure:8754: $? = 0
configure:8754: result: yes
configure:8754: checking for memory.h
configure:8754: gcc -c   conftest.c >&5
configure:8754: $? = 0
configure:8754: result: yes
configure:8754: checking for strings.h
configure:8754: gcc -c   conftest.c >&5
configure:8754: $? = 0
configure:8754: result: yes
configure:8754: checking for inttypes.h
configure:8754: gcc -c   conftest.c >&5
configure:8754: $? = 0
configure:8754: result: yes
configure:8754: checking for stdint.h
configure:8754: gcc -c   conftest.c >&5
configure:8754: $? = 0
configure:8754: result: yes
configure:8754: checking for unistd.h
configure:8754: gcc -c   conftest.c >&5
configure:8754: $? = 0
configure:8754: result: yes
configure:8768: checking for dlfcn.h
configure:8768: gcc -c   conftest.c >&5
configure:8768: $? = 0
configure:8768: result: yes
configure:9321: checking for objdir
configure:9336: result: .libs
configure:9600: checking if gcc supports -fno-rtti -fno-exceptions
configure:9618: gcc -c   -fno-rtti -fno-exceptions conftest.c >&5
cc1: warning: command line option '-fno-rtti' is valid for C++/D/ObjC++ but not for C
configure:9622: $? = 0
configure:9635: result: no
configure:9993: checking for gcc option to produce PIC
configure:10000: result: -fPIC -DPIC
configure:10008: checking if gcc PIC flag -fPIC -DPIC works
configure:10026: gcc -c   -fPIC -DPIC -DPIC conftest.c >&5
configure:10030: $? = 0
configure:10043: result: yes
configure:10072: checking if gcc static flag -static works
configure:10100: result: yes
configure:10115: checking if gcc supports -c -o file.o
configure:10136: gcc -c   -o out/conftest2.o conftest.c >&5
configure:10140: $? = 0
configure:10162: result: yes
configure:10170: checking if gcc supports -c -o file.o
configure:10217: result: yes
configure:10250: checking whether the gcc linker (/usr/bin/ld -m elf_x86_64) supports shared libraries
configure:11509: result: yes
configure:11546: checking whether -lc should be explicitly linked in
configure:11554: gcc -c   conftest.c >&5
configure:11557: $? = 0
configure:11572: gcc -shared  -fPIC -DPIC conftest.o  -v -Wl,-soname -Wl,conftest -o conftest 2\>\&1 \| /usr/bin/grep  -lc  \>/dev/null 2\>\&1
configure:11575: $? = 0
configure:11589: result: no
configure:11749: checking dynamic linker characteristics
configure:12330: gcc -o conftest   -static -Wl,-rpath -Wl,/foo conftest.c  >&5
configure:12330: $? = 0
configure:12567: result: GNU/Linux ld.so
configure:12689: checking how to hardcode library paths into programs
configure:12714: result: immediate
configure:13262: checking whether stripping libraries is possible
configure:13267: result: yes
configure:13302: checking if libtool supports shared libraries
configure:13304: result: yes
configure:13307: checking whether to build shared libraries
configure:13332: result: yes
configure:13335: checking whether to build static libraries
configure:13339: result: no
configure:10194: checking whether the -Werror option is usable
configure:10213: gcc -c    -Werror  conftest.c >&5
configure:10213: $? = 0
configure:10222: result: yes
configure:10224: checking for simple visibility declarations
configure:10251: gcc -c    -fvisibility=hidden -Werror  conftest.c >&5
configure:10251: $? = 0
configure:10260: result: yes
configure:10290: checking size of long long
configure:10295: gcc -o conftest     -static conftest.c  >&5
configure:10295: $? = 0
configure:10295: ./conftest
configure:10295: $? = 0
configure:10309: result: 8
configure:10323: checking size of long
configure:10328: gcc -o conftest     -static conftest.c  >&5
configure:10328: $? = 0
configure:10328: ./conftest
configure:10328: $? = 0
configure:10342: result: 8
configure:10356: checking size of time_t
configure:10361: gcc -o conftest     -static conftest.c  >&5
configure:10361: $? = 0
configure:10361: ./conftest
configure:10361: $? = 0
configure:10375: result: 8
configure:10385: checking for __uint128_t
configure:10385: gcc -c     conftest.c >&5
configure:10385: $? = 0
configure:10385: gcc -c     conftest.c >&5
conftest.c: In function 'main':
conftest.c:61:26: error: expected expression before ')' token
   61 | if (sizeof ((__uint128_t)))
      |                          ^
configure:10385: $? = 1
configure: failed program was:
| /* confdefs.h */
| #define PACKAGE_NAME "wolfssl"
| #define PACKAGE_TARNAME "wolfssl"
| #define PACKAGE_VERSION "4.5.0"
| #define PACKAGE_STRING "wolfssl 4.5.0"
| #define PACKAGE_BUGREPORT "https://github.com/wolfssl/wolfssl/issues"
| #define PACKAGE_URL "https://www.wolfssl.com"
| #define STDC_HEADERS 1
| #define HAVE_SYS_TYPES_H 1
| #define HAVE_SYS_STAT_H 1
| #define HAVE_STDLIB_H 1
| #define HAVE_STRING_H 1
| #define HAVE_MEMORY_H 1
| #define HAVE_STRINGS_H 1
| #define HAVE_INTTYPES_H 1
| #define HAVE_STDINT_H 1
| #define HAVE_UNISTD_H 1
| #define HAVE_DLFCN_H 1
| #define LT_OBJDIR ".libs/"
| #define HAVE_VISIBILITY 1
| #define SIZEOF_LONG_LONG 8
| #define SIZEOF_LONG 8
| #define SIZEOF_TIME_T 8
| /* end confdefs.h.  */
| #include <stdio.h>
| #ifdef HAVE_SYS_TYPES_H
| # include <sys/types.h>
| #endif
| #ifdef HAVE_SYS_STAT_H
| # include <sys/stat.h>
| #endif
| #ifdef STDC_HEADERS
| # include <stdlib.h>
| # include <stddef.h>
| #else
| # ifdef HAVE_STDLIB_H
| #  include <stdlib.h>
| # endif
| #endif
| #ifdef HAVE_STRING_H
| # if !defined STDC_HEADERS && defined HAVE_MEMORY_H
| #  include <memory.h>
| # endif
| # include <string.h>
| #endif
| #ifdef HAVE_STRINGS_H
| # include <strings.h>
| #endif
| #ifdef HAVE_INTTYPES_H
| # include <inttypes.h>
| #endif
| #ifdef HAVE_STDINT_H
| # include <stdint.h>
| #endif
| #ifdef HAVE_UNISTD_H
| # include <unistd.h>
| #endif
| int
| main ()
| {
| if (sizeof ((__uint128_t)))
| 	    return 0;
|   ;
|   return 0;
| }
configure:10385: result: yes
configure:10398: checking for gethostbyname
configure:10398: gcc -o conftest     -static conftest.c  >&5
/usr/bin/ld: /tmp/ccsFQfwI.o: in function `main':
conftest.c:(.text+0xe): warning: Using 'gethostbyname' in statically linked applications requires at runtime the shared libraries from the glibc version used for linking
configure:10398: $? = 0
configure:10398: result: yes
configure:10398: checking for getaddrinfo
configure:10398: gcc -o conftest     -static conftest.c  >&5
/usr/bin/ld: /tmp/cc8LtKFn.o: in function `main':
conftest.c:(.text+0xe): warning: Using 'getaddrinfo' in statically linked applications requires at runtime the shared libraries from the glibc version used for linking
configure:10398: $? = 0
configure:10398: result: yes
configure:10398: checking for gettimeofday
configure:10398: gcc -o conftest     -static conftest.c  >&5
configure:10398: $? = 0
configure:10398: result: yes
configure:10398: checking for gmtime_r
configure:10398: gcc -o conftest     -static conftest.c  >&5
configure:10398: $? = 0
configure:10398: result: yes
configure:10398: checking for inet_ntoa
configure:10398: gcc -o conftest     -static conftest.c  >&5
configure:10398: $? = 0
configure:10398: result: yes
configure:10398: checking for memset
configure:10398: gcc -o conftest     -static conftest.c  >&5
conftest.c:54:6: warning: conflicting types for built-in function 'memset'; expected 'void *(void *, int,  long unsigned int)' [-Wbuiltin-declaration-mismatch]
   54 | char memset ();
      |      ^~~~~~
conftest.c:42:1: note: 'memset' is declared in header '<string.h>'
   41 | # include <limits.h>
   42 | #else
configure:10398: $? = 0
configure:10398: result: yes
configure:10398: checking for socket
configure:10398: gcc -o conftest     -static conftest.c  >&5
configure:10398: $? = 0
configure:10398: result: yes
configure:10410: checking arpa/inet.h usability
configure:10410: gcc -c     conftest.c >&5
configure:10410: $? = 0
configure:10410: result: yes
configure:10410: checking arpa/inet.h presence
configure:10410: gcc -E  conftest.c
configure:10410: $? = 0
configure:10410: result: yes
configure:10410: checking for arpa/inet.h
configure:10410: result: yes
configure:10410: checking fcntl.h usability
configure:10410: gcc -c     conftest.c >&5
configure:10410: $? = 0
configure:10410: result: yes
configure:10410: checking fcntl.h presence
configure:10410: gcc -E  conftest.c
configure:10410: $? = 0
configure:10410: result: yes
configure:10410: checking for fcntl.h
configure:10410: result: yes
configure:10410: checking limits.h usability
configure:10410: gcc -c     conftest.c >&5
configure:10410: $? = 0
configure:10410: result: yes
configure:10410: checking limits.h presence
configure:10410: gcc -E  conftest.c
configure:10410: $? = 0
configure:10410: result: yes
configure:10410: checking for limits.h
configure:10410: result: yes
configure:10410: checking netdb.h usability
configure:10410: gcc -c     conftest.c >&5
configure:10410: $? = 0
configure:10410: result: yes
configure:10410: checking netdb.h presence
configure:10410: gcc -E  conftest.c
configure:10410: $? = 0
configure:10410: result: yes
configure:10410: checking for netdb.h
configure:10410: result: yes
configure:10410: checking netinet/in.h usability
configure:10410: gcc -c     conftest.c >&5
configure:10410: $? = 0
configure:10410: result: yes
configure:10410: checking netinet/in.h presence
configure:10410: gcc -E  conftest.c
configure:10410: $? = 0
configure:10410: result: yes
configure:10410: checking for netinet/in.h
configure:10410: result: yes
configure:10410: checking stddef.h usability
configure:10410: gcc -c     conftest.c >&5
configure:10410: $? = 0
configure:10410: result: yes
configure:10410: checking stddef.h presence
configure:10410: gcc -E  conftest.c
configure:10410: $? = 0
configure:10410: result: yes
configure:10410: checking for stddef.h
configure:10410: result: yes
configure:10410: checking sys/ioctl.h usability
configure:10410: gcc -c     conftest.c >&5
configure:10410: $? = 0
configure:10410: result: yes
configure:10410: checking sys/ioctl.h presence
configure:10410: gcc -E  conftest.c
configure:10410: $? = 0
configure:10410: result: yes
configure:10410: checking for sys/ioctl.h
configure:10410: result: yes
configure:10410: checking sys/socket.h usability
configure:10410: gcc -c     conftest.c >&5
configure:10410: $? = 0
configure:10410: result: yes
configure:10410: checking sys/socket.h presence
configure:10410: gcc -E  conftest.c
configure:10410: $? = 0
configure:10410: result: yes
configure:10410: checking for sys/socket.h
configure:10410: result: yes
configure:10410: checking sys/time.h usability
configure:10410: gcc -c     conftest.c >&5
configure:10410: $? = 0
configure:10410: result: yes
configure:10410: checking sys/time.h presence
configure:10410: gcc -E  conftest.c
configure:10410: $? = 0
configure:10410: result: yes
configure:10410: checking for sys/time.h
configure:10410: result: yes
configure:10410: checking errno.h usability
configure:10410: gcc -c     conftest.c >&5
configure:10410: $? = 0
configure:10410: result: yes
configure:10410: checking errno.h presence
configure:10410: gcc -E  conftest.c
configure:10410: $? = 0
configure:10410: result: yes
configure:10410: checking for errno.h
configure:10410: result: yes
configure:10420: checking for socket in -lnetwork
configure:10445: gcc -o conftest     -static conftest.c -lnetwork   >&5
/usr/bin/ld: cannot find -lnetwork
collect2: error: ld returned 1 exit status
configure:10445: $? = 1
configure: failed program was:
| /* confdefs.h */
| #define PACKAGE_NAME "wolfssl"
| #define PACKAGE_TARNAME "wolfssl"
| #define PACKAGE_VERSION "4.5.0"
| #define PACKAGE_STRING "wolfssl 4.5.0"
| #define PACKAGE_BUGREPORT "https://github.com/wolfssl/wolfssl/issues"
| #define PACKAGE_URL "https://www.wolfssl.com"
| #define STDC_HEADERS 1
| #define HAVE_SYS_TYPES_H 1
| #define HAVE_SYS_STAT_H 1
| #define HAVE_STDLIB_H 1
| #define HAVE_STRING_H 1
| #define HAVE_MEMORY_H 1
| #define HAVE_STRINGS_H 1
| #define HAVE_INTTYPES_H 1
| #define HAVE_STDINT_H 1
| #define HAVE_UNISTD_H 1
| #define HAVE_DLFCN_H 1
| #define LT_OBJDIR ".libs/"
| #define HAVE_VISIBILITY 1
| #define SIZEOF_LONG_LONG 8
| #define SIZEOF_LONG 8
| #define SIZEOF_TIME_T 8
| #define HAVE___UINT128_T 1
| #define HAVE_GETHOSTBYNAME 1
| #define HAVE_GETADDRINFO 1
| #define HAVE_GETTIMEOFDAY 1
| #define HAVE_GMTIME_R 1
| #define HAVE_INET_NTOA 1
| #define HAVE_MEMSET 1
| #define HAVE_SOCKET 1
| #define HAVE_ARPA_INET_H 1
| #define HAVE_FCNTL_H 1
| #define HAVE_LIMITS_H 1
| #define HAVE_NETDB_H 1
| #define HAVE_NETINET_IN_H 1
| #define HAVE_STDDEF_H 1
| #define HAVE_SYS_IOCTL_H 1
| #define HAVE_SYS_SOCKET_H 1
| #define HAVE_SYS_TIME_H 1
| #define HAVE_ERRNO_H 1
| /* end confdefs.h.  */
| 
| /* Override any GCC internal prototype to avoid an error.
|    Use char because int might match the return type of a GCC
|    builtin and then its argument prototype would still apply.  */
| #ifdef __cplusplus
| extern "C"
| #endif
| char socket ();
| int
| main ()
| {
| return socket ();
|   ;
|   return 0;
| }
configure:10454: result: no
configure:10465: checking whether byte ordering is bigendian
configure:10480: gcc -c     conftest.c >&5
conftest.c:44:9: error: unknown type name 'not'
   44 |         not a universal capable compiler
      |         ^~~
conftest.c:44:15: error: expected '=', ',', ';', 'asm' or '__attribute__' before 'universal'
   44 |         not a universal capable compiler
      |               ^~~~~~~~~
conftest.c:44:15: error: unknown type name 'universal'
configure:10480: $? = 1
configure: failed program was:
| /* confdefs.h */
| #define PACKAGE_NAME "wolfssl"
| #define PACKAGE_TARNAME "wolfssl"
| #define PACKAGE_VERSION "4.5.0"
| #define PACKAGE_STRING "wolfssl 4.5.0"
| #define PACKAGE_BUGREPORT "https://github.com/wolfssl/wolfssl/issues"
| #define PACKAGE_URL "https://www.wolfssl.com"
| #define STDC_HEADERS 1
| #define HAVE_SYS_TYPES_H 1
| #define HAVE_SYS_STAT_H 1
| #define HAVE_STDLIB_H 1
| #define HAVE_STRING_H 1
| #define HAVE_MEMORY_H 1
| #define HAVE_STRINGS_H 1
| #define HAVE_INTTYPES_H 1
| #define HAVE_STDINT_H 1
| #define HAVE_UNISTD_H 1
| #define HAVE_DLFCN_H 1
| #define LT_OBJDIR ".libs/"
| #define HAVE_VISIBILITY 1
| #define SIZEOF_LONG_LONG 8
| #define SIZEOF_LONG 8
| #define SIZEOF_TIME_T 8
| #define HAVE___UINT128_T 1
| #define HAVE_GETHOSTBYNAME 1
| #define HAVE_GETADDRINFO 1
| #define HAVE_GETTIMEOFDAY 1
| #define HAVE_GMTIME_R 1
| #define HAVE_INET_NTOA 1
| #define HAVE_MEMSET 1
| #define HAVE_SOCKET 1
| #define HAVE_ARPA_INET_H 1
| #define HAVE_FCNTL_H 1
| #define HAVE_LIMITS_H 1
| #define HAVE_NETDB_H 1
| #define HAVE_NETINET_IN_H 1
| #define HAVE_STDDEF_H 1
| #define HAVE_SYS_IOCTL_H 1
| #define HAVE_SYS_SOCKET_H 1
| #define HAVE_SYS_TIME_H 1
| #define HAVE_ERRNO_H 1
| /* end confdefs.h.  */
| #ifndef __APPLE_CC__
| 	       not a universal capable compiler
| 	     #endif
| 	     typedef int dummy;
| 
configure:10525: gcc -c     conftest.c >&5
configure:10525: $? = 0
configure:10543: gcc -c     conftest.c >&5
conftest.c: In function 'main':
conftest.c:50:4: error: unknown type name 'not'; did you mean 'ino_t'?
   50 |    not big endian
      |    ^~~
      |    ino_t
conftest.c:50:12: error: expected '=', ',', ';', 'asm' or '__attribute__' before 'endian'
   50 |    not big endian
      |            ^~~~~~
configure:10543: $? = 1
configure: failed program was:
| /* confdefs.h */
| #define PACKAGE_NAME "wolfssl"
| #define PACKAGE_TARNAME "wolfssl"
| #define PACKAGE_VERSION "4.5.0"
| #define PACKAGE_STRING "wolfssl 4.5.0"
| #define PACKAGE_BUGREPORT "https://github.com/wolfssl/wolfssl/issues"
| #define PACKAGE_URL "https://www.wolfssl.com"
| #define STDC_HEADERS 1
| #define HAVE_SYS_TYPES_H 1
| #define HAVE_SYS_STAT_H 1
| #define HAVE_STDLIB_H 1
| #define HAVE_STRING_H 1
| #define HAVE_MEMORY_H 1
| #define HAVE_STRINGS_H 1
| #define HAVE_INTTYPES_H 1
| #define HAVE_STDINT_H 1
| #define HAVE_UNISTD_H 1
| #define HAVE_DLFCN_H 1
| #define LT_OBJDIR ".libs/"
| #define HAVE_VISIBILITY 1
| #define SIZEOF_LONG_LONG 8
| #define SIZEOF_LONG 8
| #define SIZEOF_TIME_T 8
| #define HAVE___UINT128_T 1
| #define HAVE_GETHOSTBYNAME 1
| #define HAVE_GETADDRINFO 1
| #define HAVE_GETTIMEOFDAY 1
| #define HAVE_GMTIME_R 1
| #define HAVE_INET_NTOA 1
| #define HAVE_MEMSET 1
| #define HAVE_SOCKET 1
| #define HAVE_ARPA_INET_H 1
| #define HAVE_FCNTL_H 1
| #define HAVE_LIMITS_H 1
| #define HAVE_NETDB_H 1
| #define HAVE_NETINET_IN_H 1
| #define HAVE_STDDEF_H 1
| #define HAVE_SYS_IOCTL_H 1
| #define HAVE_SYS_SOCKET_H 1
| #define HAVE_SYS_TIME_H 1
| #define HAVE_ERRNO_H 1
| /* end confdefs.h.  */
| #include <sys/types.h>
| 		#include <sys/param.h>
| 
| int
| main ()
| {
| #if BYTE_ORDER != BIG_ENDIAN
| 		 not big endian
| 		#endif
| 
|   ;
|   return 0;
| }
configure:10671: result: no
configure:10691: checking for size_t
configure:10691: gcc -c     conftest.c >&5
configure:10691: $? = 0
configure:10691: gcc -c     conftest.c >&5
conftest.c: In function 'main':
conftest.c:79:21: error: expected expression before ')' token
   79 | if (sizeof ((size_t)))
      |                     ^
configure:10691: $? = 1
configure: failed program was:
| /* confdefs.h */
| #define PACKAGE_NAME "wolfssl"
| #define PACKAGE_TARNAME "wolfssl"
| #define PACKAGE_VERSION "4.5.0"
| #define PACKAGE_STRING "wolfssl 4.5.0"
| #define PACKAGE_BUGREPORT "https://github.com/wolfssl/wolfssl/issues"
| #define PACKAGE_URL "https://www.wolfssl.com"
| #define STDC_HEADERS 1
| #define HAVE_SYS_TYPES_H 1
| #define HAVE_SYS_STAT_H 1
| #define HAVE_STDLIB_H 1
| #define HAVE_STRING_H 1
| #define HAVE_MEMORY_H 1
| #define HAVE_STRINGS_H 1
| #define HAVE_INTTYPES_H 1
| #define HAVE_STDINT_H 1
| #define HAVE_UNISTD_H 1
| #define HAVE_DLFCN_H 1
| #define LT_OBJDIR ".libs/"
| #define HAVE_VISIBILITY 1
| #define SIZEOF_LONG_LONG 8
| #define SIZEOF_LONG 8
| #define SIZEOF_TIME_T 8
| #define HAVE___UINT128_T 1
| #define HAVE_GETHOSTBYNAME 1
| #define HAVE_GETADDRINFO 1
| #define HAVE_GETTIMEOFDAY 1
| #define HAVE_GMTIME_R 1
| #define HAVE_INET_NTOA 1
| #define HAVE_MEMSET 1
| #define HAVE_SOCKET 1
| #define HAVE_ARPA_INET_H 1
| #define HAVE_FCNTL_H 1
| #define HAVE_LIMITS_H 1
| #define HAVE_NETDB_H 1
| #define HAVE_NETINET_IN_H 1
| #define HAVE_STDDEF_H 1
| #define HAVE_SYS_IOCTL_H 1
| #define HAVE_SYS_SOCKET_H 1
| #define HAVE_SYS_TIME_H 1
| #define HAVE_ERRNO_H 1
| /* end confdefs.h.  */
| #include <stdio.h>
| #ifdef HAVE_SYS_TYPES_H
| # include <sys/types.h>
| #endif
| #ifdef HAVE_SYS_STAT_H
| # include <sys/stat.h>
| #endif
| #ifdef STDC_HEADERS
| # include <stdlib.h>
| # include <stddef.h>
| #else
| # ifdef HAVE_STDLIB_H
| #  include <stdlib.h>
| # endif
| #endif
| #ifdef HAVE_STRING_H
| # if !defined STDC_HEADERS && defined HAVE_MEMORY_H
| #  include <memory.h>
| # endif
| # include <string.h>
| #endif
| #ifdef HAVE_STRINGS_H
| # include <strings.h>
| #endif
| #ifdef HAVE_INTTYPES_H
| # include <inttypes.h>
| #endif
| #ifdef HAVE_STDINT_H
| # include <stdint.h>
| #endif
| #ifdef HAVE_UNISTD_H
| # include <unistd.h>
| #endif
| int
| main ()
| {
| if (sizeof ((size_t)))
| 	    return 0;
|   ;
|   return 0;
| }
configure:10691: result: yes
configure:10702: checking for uint8_t
configure:10702: gcc -c     conftest.c >&5
configure:10702: $? = 0
configure:10702: result: yes
configure:10725: checking dependency style of gcc
configure:10834: result: gcc3
configure:10937: checking for cos in -lm
configure:10962: gcc -o conftest     -static conftest.c -lm   >&5
conftest.c:50:6: warning: conflicting types for built-in function 'cos'; expected 'double(double)' [-Wbuiltin-declaration-mismatch]
   50 | char cos ();
      |      ^~~
conftest.c:1:1: note: 'cos' is declared in header '<math.h>'
    1 | /* confdefs.h */
configure:10962: $? = 0
configure:10971: result: yes
configure:10991: checking for thread local storage (TLS) class
configure:11019: gcc -c     conftest.c >&5
configure:11019: $? = 0
configure:11031: result: __thread
configure:11070: checking for debug
configure:11072: result: no
configure:11491: checking whether gcc is Clang
configure:11516: result: no
configure:11639: checking whether pthreads work with -pthread
configure:11730: gcc -o conftest    -pthread  -static conftest.c   >&5
configure:11730: $? = 0
configure:11739: result: yes
configure:11758: checking for joinable pthread attribute
configure:11776: gcc -o conftest    -pthread  -static conftest.c   >&5
configure:11776: $? = 0
configure:11784: result: PTHREAD_CREATE_JOINABLE
configure:11798: checking whether more special flags are required for pthreads
configure:11811: result: no
configure:11819: checking for PTHREAD_PRIO_INHERIT
configure:11835: gcc -o conftest    -pthread  -static conftest.c   >&5
configure:11835: $? = 0
configure:11844: result: yes
configure:17763: checking for fast RSA
configure:17778: result: no
configure:19013: checking for library containing gethostbyname
configure:19044: gcc -o conftest     -static conftest.c   >&5
/usr/bin/ld: /tmp/cc8mzNq1.o: in function `main':
conftest.c:(.text+0xe): warning: Using 'gethostbyname' in statically linked applications requires at runtime the shared libraries from the glibc version used for linking
configure:19044: $? = 0
configure:19061: result: none required
configure:19069: checking for library containing socket
configure:19100: gcc -o conftest     -static conftest.c   >&5
configure:19100: $? = 0
configure:19117: result: none required
configure:19168: checking for vcs system
configure:19188: result: none
configure:19197: checking for vcs checkout
configure:19209: result: no
configure:19281: checking whether the linker accepts -Werror
configure:19300: gcc -o conftest     -static  -Werror conftest.c   >&5
configure:19300: $? = 0
configure:19309: result: yes
configure:19323: checking whether the linker accepts -z relro -z now
configure:19342: gcc -o conftest     -static -Werror -z relro -z now conftest.c   >&5
configure:19342: $? = 0
configure:19352: result: yes
configure:19364: checking whether the linker accepts -pie
configure:19383: gcc -o conftest     -static -Werror -pie conftest.c   >&5
configure:19383: $? = 0
configure:19393: result: yes
configure:19507: checking whether C compiler accepts -Werror
configure:19526: gcc -c     -Werror  conftest.c >&5
configure:19526: $? = 0
configure:19535: result: yes
configure:19551: : ax_append_compile_cflags_extra="$ax_append_compile_cflags_extra"
configure:19554: $? = 0
configure:19815: checking whether C compiler accepts -Wno-pragmas
configure:19834: gcc -c     -Werror -Wno-pragmas  conftest.c >&5
configure:19834: $? = 0
configure:19843: result: yes
configure:19859: : CFLAGS="$CFLAGS"
configure:19862: $? = 0
configure:19891: checking whether C compiler accepts -Wall
configure:19910: gcc -c    -Wno-pragmas  -Werror -Wall  conftest.c >&5
configure:19910: $? = 0
configure:19919: result: yes
configure:19935: : CFLAGS="$CFLAGS"
configure:19938: $? = 0
configure:19966: checking whether C compiler accepts -Wno-strict-aliasing
configure:19985: gcc -c    -Wno-pragmas -Wall  -Werror -Wno-strict-aliasing  conftest.c >&5
configure:19985: $? = 0
configure:19994: result: yes
configure:20010: : CFLAGS="$CFLAGS"
configure:20013: $? = 0
configure:20041: checking whether C compiler accepts -Wextra
configure:20060: gcc -c    -Wno-pragmas -Wall -Wno-strict-aliasing  -Werror -Wextra  conftest.c >&5
configure:20060: $? = 0
configure:20069: result: yes
configure:20085: : CFLAGS="$CFLAGS"
configure:20088: $? = 0
configure:20116: checking whether C compiler accepts -Wunknown-pragmas
configure:20135: gcc -c    -Wno-pragmas -Wall -Wno-strict-aliasing -Wextra  -Werror -Wunknown-pragmas  conftest.c >&5
configure:20135: $? = 0
configure:20144: result: yes
configure:20160: : CFLAGS="$CFLAGS"
configure:20163: $? = 0
configure:20191: checking whether C compiler accepts -Wthis-test-should-fail
configure:20210: gcc -c    -Wno-pragmas -Wall -Wno-strict-aliasing -Wextra -Wunknown-pragmas  -Werror -Wthis-test-should-fail  conftest.c >&5
gcc: error: unrecognized command line option '-Wthis-test-should-fail'
configure:20210: $? = 1
configure: failed program was:
| /* confdefs.h */
| #define PACKAGE_NAME "wolfssl"
| #define PACKAGE_TARNAME "wolfssl"
| #define PACKAGE_VERSION "4.5.0"
| #define PACKAGE_STRING "wolfssl 4.5.0"
| #define PACKAGE_BUGREPORT "https://github.com/wolfssl/wolfssl/issues"
| #define PACKAGE_URL "https://www.wolfssl.com"
| #define STDC_HEADERS 1
| #define HAVE_SYS_TYPES_H 1
| #define HAVE_SYS_STAT_H 1
| #define HAVE_STDLIB_H 1
| #define HAVE_STRING_H 1
| #define HAVE_MEMORY_H 1
| #define HAVE_STRINGS_H 1
| #define HAVE_INTTYPES_H 1
| #define HAVE_STDINT_H 1
| #define HAVE_UNISTD_H 1
| #define HAVE_DLFCN_H 1
| #define LT_OBJDIR ".libs/"
| #define HAVE_VISIBILITY 1
| #define SIZEOF_LONG_LONG 8
| #define SIZEOF_LONG 8
| #define SIZEOF_TIME_T 8
| #define HAVE___UINT128_T 1
| #define HAVE_GETHOSTBYNAME 1
| #define HAVE_GETADDRINFO 1
| #define HAVE_GETTIMEOFDAY 1
| #define HAVE_GMTIME_R 1
| #define HAVE_INET_NTOA 1
| #define HAVE_MEMSET 1
| #define HAVE_SOCKET 1
| #define HAVE_ARPA_INET_H 1
| #define HAVE_FCNTL_H 1
| #define HAVE_LIMITS_H 1
| #define HAVE_NETDB_H 1
| #define HAVE_NETINET_IN_H 1
| #define HAVE_STDDEF_H 1
| #define HAVE_SYS_IOCTL_H 1
| #define HAVE_SYS_SOCKET_H 1
| #define HAVE_SYS_TIME_H 1
| #define HAVE_ERRNO_H 1
| #define TLS __thread
| #define DEBUG 0
| #define HAVE_PTHREAD_PRIO_INHERIT 1
| #define HAVE_PTHREAD 1
| #define BUILD_USER_RSA /**/
| #define VCS_SYSTEM "none"
| #define VCS_CHECKOUT 0
| /* end confdefs.h.  */
| 
| int
| main ()
| {
| 
|   ;
|   return 0;
| }
configure:20219: result: no
configure:20270: checking whether C compiler accepts --param=ssp-buffer-size=1
configure:20289: gcc -c    -Wno-pragmas -Wall -Wno-strict-aliasing -Wextra -Wunknown-pragmas  -Werror --param=ssp-buffer-size=1  conftest.c >&5
configure:20289: $? = 0
configure:20298: result: yes
configure:20314: : CFLAGS="$CFLAGS"
configure:20317: $? = 0
configure:20347: checking whether C compiler accepts -Waddress
configure:20366: gcc -c    -Wno-pragmas -Wall -Wno-strict-aliasing -Wextra -Wunknown-pragmas --param=ssp-buffer-size=1  -Werror -Waddress  conftest.c >&5
configure:20366: $? = 0
configure:20375: result: yes
configure:20391: : CFLAGS="$CFLAGS"
configure:20394: $? = 0
configure:20422: checking whether C compiler accepts -Warray-bounds
configure:20441: gcc -c    -Wno-pragmas -Wall -Wno-strict-aliasing -Wextra -Wunknown-pragmas --param=ssp-buffer-size=1 -Waddress  -Werror -Warray-bounds  conftest.c >&5
configure:20441: $? = 0
configure:20450: result: yes
configure:20466: : CFLAGS="$CFLAGS"
configure:20469: $? = 0
configure:20497: checking whether C compiler accepts -Wbad-function-cast
configure:20516: gcc -c    -Wno-pragmas -Wall -Wno-strict-aliasing -Wextra -Wunknown-pragmas --param=ssp-buffer-size=1 -Waddress -Warray-bounds  -Werror -Wbad-function-cast  conftest.c >&5
configure:20516: $? = 0
configure:20525: result: yes
configure:20541: : CFLAGS="$CFLAGS"
configure:20544: $? = 0
configure:20572: checking whether C compiler accepts -Wchar-subscripts
configure:20591: gcc -c    -Wno-pragmas -Wall -Wno-strict-aliasing -Wextra -Wunknown-pragmas --param=ssp-buffer-size=1 -Waddress -Warray-bounds -Wbad-function-cast  -Werror -Wchar-subscripts  conftest.c >&5
configure:20591: $? = 0
configure:20600: result: yes
configure:20616: : CFLAGS="$CFLAGS"
configure:20619: $? = 0
configure:20647: checking whether C compiler accepts -Wcomment
configure:20666: gcc -c    -Wno-pragmas -Wall -Wno-strict-aliasing -Wextra -Wunknown-pragmas --param=ssp-buffer-size=1 -Waddress -Warray-bounds -Wbad-function-cast -Wchar-subscripts  -Werror -Wcomment  conftest.c >&5
configure:20666: $? = 0
configure:20675: result: yes
configure:20691: : CFLAGS="$CFLAGS"
configure:20694: $? = 0
configure:20722: checking whether C compiler accepts -Wfloat-equal
configure:20741: gcc -c    -Wno-pragmas -Wall -Wno-strict-aliasing -Wextra -Wunknown-pragmas --param=ssp-buffer-size=1 -Waddress -Warray-bounds -Wbad-function-cast -Wchar-subscripts -Wcomment  -Werror -Wfloat-equal  conftest.c >&5
configure:20741: $? = 0
configure:20750: result: yes
configure:20766: : CFLAGS="$CFLAGS"
configure:20769: $? = 0
configure:20797: checking whether C compiler accepts -Wformat-security
configure:20816: gcc -c    -Wno-pragmas -Wall -Wno-strict-aliasing -Wextra -Wunknown-pragmas --param=ssp-buffer-size=1 -Waddress -Warray-bounds -Wbad-function-cast -Wchar-subscripts -Wcomment -Wfloat-equal  -Werror -Wformat-security  conftest.c >&5
configure:20816: $? = 0
configure:20825: result: yes
configure:20841: : CFLAGS="$CFLAGS"
configure:20844: $? = 0
configure:20872: checking whether C compiler accepts -Wformat=2
configure:20891: gcc -c    -Wno-pragmas -Wall -Wno-strict-aliasing -Wextra -Wunknown-pragmas --param=ssp-buffer-size=1 -Waddress -Warray-bounds -Wbad-function-cast -Wchar-subscripts -Wcomment -Wfloat-equal -Wformat-security  -Werror -Wformat=2  conftest.c >&5
configure:20891: $? = 0
configure:20900: result: yes
configure:20916: : CFLAGS="$CFLAGS"
configure:20919: $? = 0
configure:20947: checking whether C compiler accepts -Wmaybe-uninitialized
configure:20966: gcc -c    -Wno-pragmas -Wall -Wno-strict-aliasing -Wextra -Wunknown-pragmas --param=ssp-buffer-size=1 -Waddress -Warray-bounds -Wbad-function-cast -Wchar-subscripts -Wcomment -Wfloat-equal -Wformat-security -Wformat=2  -Werror -Wmaybe-uninitialized  conftest.c >&5
configure:20966: $? = 0
configure:20975: result: yes
configure:20991: : CFLAGS="$CFLAGS"
configure:20994: $? = 0
configure:21022: checking whether C compiler accepts -Wmissing-field-initializers
configure:21041: gcc -c    -Wno-pragmas -Wall -Wno-strict-aliasing -Wextra -Wunknown-pragmas --param=ssp-buffer-size=1 -Waddress -Warray-bounds -Wbad-function-cast -Wchar-subscripts -Wcomment -Wfloat-equal -Wformat-security -Wformat=2 -Wmaybe-uninitialized  -Werror -Wmissing-field-initializers  conftest.c >&5
configure:21041: $? = 0
configure:21050: result: yes
configure:21066: : CFLAGS="$CFLAGS"
configure:21069: $? = 0
configure:21097: checking whether C compiler accepts -Wmissing-noreturn
configure:21116: gcc -c    -Wno-pragmas -Wall -Wno-strict-aliasing -Wextra -Wunknown-pragmas --param=ssp-buffer-size=1 -Waddress -Warray-bounds -Wbad-function-cast -Wchar-subscripts -Wcomment -Wfloat-equal -Wformat-security -Wformat=2 -Wmaybe-uninitialized -Wmissing-field-initializers  -Werror -Wmissing-noreturn  conftest.c >&5
configure:21116: $? = 0
configure:21125: result: yes
configure:21141: : CFLAGS="$CFLAGS"
configure:21144: $? = 0
configure:21172: checking whether C compiler accepts -Wmissing-prototypes
configure:21191: gcc -c    -Wno-pragmas -Wall -Wno-strict-aliasing -Wextra -Wunknown-pragmas --param=ssp-buffer-size=1 -Waddress -Warray-bounds -Wbad-function-cast -Wchar-subscripts -Wcomment -Wfloat-equal -Wformat-security -Wformat=2 -Wmaybe-uninitialized -Wmissing-field-initializers -Wmissing-noreturn  -Werror -Wmissing-prototypes  conftest.c >&5
configure:21191: $? = 0
configure:21200: result: yes
configure:21216: : CFLAGS="$CFLAGS"
configure:21219: $? = 0
configure:21247: checking whether C compiler accepts -Wnested-externs
configure:21266: gcc -c    -Wno-pragmas -Wall -Wno-strict-aliasing -Wextra -Wunknown-pragmas --param=ssp-buffer-size=1 -Waddress -Warray-bounds -Wbad-function-cast -Wchar-subscripts -Wcomment -Wfloat-equal -Wformat-security -Wformat=2 -Wmaybe-uninitialized -Wmissing-field-initializers -Wmissing-noreturn -Wmissing-prototypes  -Werror -Wnested-externs  conftest.c >&5
configure:21266: $? = 0
configure:21275: result: yes
configure:21291: : CFLAGS="$CFLAGS"
configure:21294: $? = 0
configure:21322: checking whether C compiler accepts -Wnormalized=id
configure:21341: gcc -c    -Wno-pragmas -Wall -Wno-strict-aliasing -Wextra -Wunknown-pragmas --param=ssp-buffer-size=1 -Waddress -Warray-bounds -Wbad-function-cast -Wchar-subscripts -Wcomment -Wfloat-equal -Wformat-security -Wformat=2 -Wmaybe-uninitialized -Wmissing-field-initializers -Wmissing-noreturn -Wmissing-prototypes -Wnested-externs  -Werror -Wnormalized=id  conftest.c >&5
configure:21341: $? = 0
configure:21350: result: yes
configure:21366: : CFLAGS="$CFLAGS"
configure:21369: $? = 0
configure:21397: checking whether C compiler accepts -Woverride-init
configure:21416: gcc -c    -Wno-pragmas -Wall -Wno-strict-aliasing -Wextra -Wunknown-pragmas --param=ssp-buffer-size=1 -Waddress -Warray-bounds -Wbad-function-cast -Wchar-subscripts -Wcomment -Wfloat-equal -Wformat-security -Wformat=2 -Wmaybe-uninitialized -Wmissing-field-initializers -Wmissing-noreturn -Wmissing-prototypes -Wnested-externs -Wnormalized=id  -Werror -Woverride-init  conftest.c >&5
configure:21416: $? = 0
configure:21425: result: yes
configure:21441: : CFLAGS="$CFLAGS"
configure:21444: $? = 0
configure:21472: checking whether C compiler accepts -Wpointer-arith
configure:21491: gcc -c    -Wno-pragmas -Wall -Wno-strict-aliasing -Wextra -Wunknown-pragmas --param=ssp-buffer-size=1 -Waddress -Warray-bounds -Wbad-function-cast -Wchar-subscripts -Wcomment -Wfloat-equal -Wformat-security -Wformat=2 -Wmaybe-uninitialized -Wmissing-field-initializers -Wmissing-noreturn -Wmissing-prototypes -Wnested-externs -Wnormalized=id -Woverride-init  -Werror -Wpointer-arith  conftest.c >&5
configure:21491: $? = 0
configure:21500: result: yes
configure:21516: : CFLAGS="$CFLAGS"
configure:21519: $? = 0
configure:21547: checking whether C compiler accepts -Wpointer-sign
configure:21566: gcc -c    -Wno-pragmas -Wall -Wno-strict-aliasing -Wextra -Wunknown-pragmas --param=ssp-buffer-size=1 -Waddress -Warray-bounds -Wbad-function-cast -Wchar-subscripts -Wcomment -Wfloat-equal -Wformat-security -Wformat=2 -Wmaybe-uninitialized -Wmissing-field-initializers -Wmissing-noreturn -Wmissing-prototypes -Wnested-externs -Wnormalized=id -Woverride-init -Wpointer-arith  -Werror -Wpointer-sign  conftest.c >&5
configure:21566: $? = 0
configure:21575: result: yes
configure:21591: : CFLAGS="$CFLAGS"
configure:21594: $? = 0
configure:21622: checking whether C compiler accepts -Wredundant-decls
configure:21641: gcc -c    -Wno-pragmas -Wall -Wno-strict-aliasing -Wextra -Wunknown-pragmas --param=ssp-buffer-size=1 -Waddress -Warray-bounds -Wbad-function-cast -Wchar-subscripts -Wcomment -Wfloat-equal -Wformat-security -Wformat=2 -Wmaybe-uninitialized -Wmissing-field-initializers -Wmissing-noreturn -Wmissing-prototypes -Wnested-externs -Wnormalized=id -Woverride-init -Wpointer-arith -Wpointer-sign  -Werror -Wredundant-decls  conftest.c >&5
configure:21641: $? = 0
configure:21650: result: yes
configure:21666: : CFLAGS="$CFLAGS"
configure:21669: $? = 0
configure:21697: checking whether C compiler accepts -Wshadow
configure:21716: gcc -c    -Wno-pragmas -Wall -Wno-strict-aliasing -Wextra -Wunknown-pragmas --param=ssp-buffer-size=1 -Waddress -Warray-bounds -Wbad-function-cast -Wchar-subscripts -Wcomment -Wfloat-equal -Wformat-security -Wformat=2 -Wmaybe-uninitialized -Wmissing-field-initializers -Wmissing-noreturn -Wmissing-prototypes -Wnested-externs -Wnormalized=id -Woverride-init -Wpointer-arith -Wpointer-sign -Wredundant-decls  -Werror -Wshadow  conftest.c >&5
configure:21716: $? = 0
configure:21725: result: yes
configure:21741: : CFLAGS="$CFLAGS"
configure:21744: $? = 0
configure:21772: checking whether C compiler accepts -Wshorten-64-to-32
configure:21791: gcc -c    -Wno-pragmas -Wall -Wno-strict-aliasing -Wextra -Wunknown-pragmas --param=ssp-buffer-size=1 -Waddress -Warray-bounds -Wbad-function-cast -Wchar-subscripts -Wcomment -Wfloat-equal -Wformat-security -Wformat=2 -Wmaybe-uninitialized -Wmissing-field-initializers -Wmissing-noreturn -Wmissing-prototypes -Wnested-externs -Wnormalized=id -Woverride-init -Wpointer-arith -Wpointer-sign -Wredundant-decls -Wshadow  -Werror -Wshorten-64-to-32  conftest.c >&5
gcc: error: unrecognized command line option '-Wshorten-64-to-32'
configure:21791: $? = 1
configure: failed program was:
| /* confdefs.h */
| #define PACKAGE_NAME "wolfssl"
| #define PACKAGE_TARNAME "wolfssl"
| #define PACKAGE_VERSION "4.5.0"
| #define PACKAGE_STRING "wolfssl 4.5.0"
| #define PACKAGE_BUGREPORT "https://github.com/wolfssl/wolfssl/issues"
| #define PACKAGE_URL "https://www.wolfssl.com"
| #define STDC_HEADERS 1
| #define HAVE_SYS_TYPES_H 1
| #define HAVE_SYS_STAT_H 1
| #define HAVE_STDLIB_H 1
| #define HAVE_STRING_H 1
| #define HAVE_MEMORY_H 1
| #define HAVE_STRINGS_H 1
| #define HAVE_INTTYPES_H 1
| #define HAVE_STDINT_H 1
| #define HAVE_UNISTD_H 1
| #define HAVE_DLFCN_H 1
| #define LT_OBJDIR ".libs/"
| #define HAVE_VISIBILITY 1
| #define SIZEOF_LONG_LONG 8
| #define SIZEOF_LONG 8
| #define SIZEOF_TIME_T 8
| #define HAVE___UINT128_T 1
| #define HAVE_GETHOSTBYNAME 1
| #define HAVE_GETADDRINFO 1
| #define HAVE_GETTIMEOFDAY 1
| #define HAVE_GMTIME_R 1
| #define HAVE_INET_NTOA 1
| #define HAVE_MEMSET 1
| #define HAVE_SOCKET 1
| #define HAVE_ARPA_INET_H 1
| #define HAVE_FCNTL_H 1
| #define HAVE_LIMITS_H 1
| #define HAVE_NETDB_H 1
| #define HAVE_NETINET_IN_H 1
| #define HAVE_STDDEF_H 1
| #define HAVE_SYS_IOCTL_H 1
| #define HAVE_SYS_SOCKET_H 1
| #define HAVE_SYS_TIME_H 1
| #define HAVE_ERRNO_H 1
| #define TLS __thread
| #define DEBUG 0
| #define HAVE_PTHREAD_PRIO_INHERIT 1
| #define HAVE_PTHREAD 1
| #define BUILD_USER_RSA /**/
| #define VCS_SYSTEM "none"
| #define VCS_CHECKOUT 0
| /* end confdefs.h.  */
| 
| int
| main ()
| {
| 
|   ;
|   return 0;
| }
configure:21800: result: no
configure:21847: checking whether C compiler accepts -Wsign-compare
configure:21866: gcc -c    -Wno-pragmas -Wall -Wno-strict-aliasing -Wextra -Wunknown-pragmas --param=ssp-buffer-size=1 -Waddress -Warray-bounds -Wbad-function-cast -Wchar-subscripts -Wcomment -Wfloat-equal -Wformat-security -Wformat=2 -Wmaybe-uninitialized -Wmissing-field-initializers -Wmissing-noreturn -Wmissing-prototypes -Wnested-externs -Wnormalized=id -Woverride-init -Wpointer-arith -Wpointer-sign -Wredundant-decls -Wshadow  -Werror -Wsign-compare  conftest.c >&5
configure:21866: $? = 0
configure:21875: result: yes
configure:21891: : CFLAGS="$CFLAGS"
configure:21894: $? = 0
configure:21922: checking whether C compiler accepts -Wstrict-overflow=1
configure:21941: gcc -c    -Wno-pragmas -Wall -Wno-strict-aliasing -Wextra -Wunknown-pragmas --param=ssp-buffer-size=1 -Waddress -Warray-bounds -Wbad-function-cast -Wchar-subscripts -Wcomment -Wfloat-equal -Wformat-security -Wformat=2 -Wmaybe-uninitialized -Wmissing-field-initializers -Wmissing-noreturn -Wmissing-prototypes -Wnested-externs -Wnormalized=id -Woverride-init -Wpointer-arith -Wpointer-sign -Wredundant-decls -Wshadow -Wsign-compare  -Werror -Wstrict-overflow=1  conftest.c >&5
configure:21941: $? = 0
configure:21950: result: yes
configure:21966: : CFLAGS="$CFLAGS"
configure:21969: $? = 0
configure:21997: checking whether C compiler accepts -Wstrict-prototypes
configure:22016: gcc -c    -Wno-pragmas -Wall -Wno-strict-aliasing -Wextra -Wunknown-pragmas --param=ssp-buffer-size=1 -Waddress -Warray-bounds -Wbad-function-cast -Wchar-subscripts -Wcomment -Wfloat-equal -Wformat-security -Wformat=2 -Wmaybe-uninitialized -Wmissing-field-initializers -Wmissing-noreturn -Wmissing-prototypes -Wnested-externs -Wnormalized=id -Woverride-init -Wpointer-arith -Wpointer-sign -Wredundant-decls -Wshadow -Wsign-compare -Wstrict-overflow=1  -Werror -Wstrict-prototypes  conftest.c >&5
conftest.c:52:1: error: function declaration isn't a prototype [-Werror=strict-prototypes]
   52 | main ()
      | ^~~~
cc1: all warnings being treated as errors
configure:22016: $? = 1
configure: failed program was:
| /* confdefs.h */
| #define PACKAGE_NAME "wolfssl"
| #define PACKAGE_TARNAME "wolfssl"
| #define PACKAGE_VERSION "4.5.0"
| #define PACKAGE_STRING "wolfssl 4.5.0"
| #define PACKAGE_BUGREPORT "https://github.com/wolfssl/wolfssl/issues"
| #define PACKAGE_URL "https://www.wolfssl.com"
| #define STDC_HEADERS 1
| #define HAVE_SYS_TYPES_H 1
| #define HAVE_SYS_STAT_H 1
| #define HAVE_STDLIB_H 1
| #define HAVE_STRING_H 1
| #define HAVE_MEMORY_H 1
| #define HAVE_STRINGS_H 1
| #define HAVE_INTTYPES_H 1
| #define HAVE_STDINT_H 1
| #define HAVE_UNISTD_H 1
| #define HAVE_DLFCN_H 1
| #define LT_OBJDIR ".libs/"
| #define HAVE_VISIBILITY 1
| #define SIZEOF_LONG_LONG 8
| #define SIZEOF_LONG 8
| #define SIZEOF_TIME_T 8
| #define HAVE___UINT128_T 1
| #define HAVE_GETHOSTBYNAME 1
| #define HAVE_GETADDRINFO 1
| #define HAVE_GETTIMEOFDAY 1
| #define HAVE_GMTIME_R 1
| #define HAVE_INET_NTOA 1
| #define HAVE_MEMSET 1
| #define HAVE_SOCKET 1
| #define HAVE_ARPA_INET_H 1
| #define HAVE_FCNTL_H 1
| #define HAVE_LIMITS_H 1
| #define HAVE_NETDB_H 1
| #define HAVE_NETINET_IN_H 1
| #define HAVE_STDDEF_H 1
| #define HAVE_SYS_IOCTL_H 1
| #define HAVE_SYS_SOCKET_H 1
| #define HAVE_SYS_TIME_H 1
| #define HAVE_ERRNO_H 1
| #define TLS __thread
| #define DEBUG 0
| #define HAVE_PTHREAD_PRIO_INHERIT 1
| #define HAVE_PTHREAD 1
| #define BUILD_USER_RSA /**/
| #define VCS_SYSTEM "none"
| #define VCS_CHECKOUT 0
| /* end confdefs.h.  */
| 
| int
| main ()
| {
| 
|   ;
|   return 0;
| }
configure:22025: result: no
configure:22072: checking whether C compiler accepts -Wswitch-enum
configure:22091: gcc -c    -Wno-pragmas -Wall -Wno-strict-aliasing -Wextra -Wunknown-pragmas --param=ssp-buffer-size=1 -Waddress -Warray-bounds -Wbad-function-cast -Wchar-subscripts -Wcomment -Wfloat-equal -Wformat-security -Wformat=2 -Wmaybe-uninitialized -Wmissing-field-initializers -Wmissing-noreturn -Wmissing-prototypes -Wnested-externs -Wnormalized=id -Woverride-init -Wpointer-arith -Wpointer-sign -Wredundant-decls -Wshadow -Wsign-compare -Wstrict-overflow=1  -Werror -Wswitch-enum  conftest.c >&5
configure:22091: $? = 0
configure:22100: result: yes
configure:22116: : CFLAGS="$CFLAGS"
configure:22119: $? = 0
configure:22147: checking whether C compiler accepts -Wundef
configure:22166: gcc -c    -Wno-pragmas -Wall -Wno-strict-aliasing -Wextra -Wunknown-pragmas --param=ssp-buffer-size=1 -Waddress -Warray-bounds -Wbad-function-cast -Wchar-subscripts -Wcomment -Wfloat-equal -Wformat-security -Wformat=2 -Wmaybe-uninitialized -Wmissing-field-initializers -Wmissing-noreturn -Wmissing-prototypes -Wnested-externs -Wnormalized=id -Woverride-init -Wpointer-arith -Wpointer-sign -Wredundant-decls -Wshadow -Wsign-compare -Wstrict-overflow=1 -Wswitch-enum  -Werror -Wundef  conftest.c >&5
configure:22166: $? = 0
configure:22175: result: yes
configure:22191: : CFLAGS="$CFLAGS"
configure:22194: $? = 0
configure:22222: checking whether C compiler accepts -Wunused
configure:22241: gcc -c    -Wno-pragmas -Wall -Wno-strict-aliasing -Wextra -Wunknown-pragmas --param=ssp-buffer-size=1 -Waddress -Warray-bounds -Wbad-function-cast -Wchar-subscripts -Wcomment -Wfloat-equal -Wformat-security -Wformat=2 -Wmaybe-uninitialized -Wmissing-field-initializers -Wmissing-noreturn -Wmissing-prototypes -Wnested-externs -Wnormalized=id -Woverride-init -Wpointer-arith -Wpointer-sign -Wredundant-decls -Wshadow -Wsign-compare -Wstrict-overflow=1 -Wswitch-enum -Wundef  -Werror -Wunused  conftest.c >&5
configure:22241: $? = 0
configure:22250: result: yes
configure:22266: : CFLAGS="$CFLAGS"
configure:22269: $? = 0
configure:22297: checking whether C compiler accepts -Wunused-result
configure:22316: gcc -c    -Wno-pragmas -Wall -Wno-strict-aliasing -Wextra -Wunknown-pragmas --param=ssp-buffer-size=1 -Waddress -Warray-bounds -Wbad-function-cast -Wchar-subscripts -Wcomment -Wfloat-equal -Wformat-security -Wformat=2 -Wmaybe-uninitialized -Wmissing-field-initializers -Wmissing-noreturn -Wmissing-prototypes -Wnested-externs -Wnormalized=id -Woverride-init -Wpointer-arith -Wpointer-sign -Wredundant-decls -Wshadow -Wsign-compare -Wstrict-overflow=1 -Wswitch-enum -Wundef -Wunused  -Werror -Wunused-result  conftest.c >&5
configure:22316: $? = 0
configure:22325: result: yes
configure:22341: : CFLAGS="$CFLAGS"
configure:22344: $? = 0
configure:22372: checking whether C compiler accepts -Wunused-variable
configure:22391: gcc -c    -Wno-pragmas -Wall -Wno-strict-aliasing -Wextra -Wunknown-pragmas --param=ssp-buffer-size=1 -Waddress -Warray-bounds -Wbad-function-cast -Wchar-subscripts -Wcomment -Wfloat-equal -Wformat-security -Wformat=2 -Wmaybe-uninitialized -Wmissing-field-initializers -Wmissing-noreturn -Wmissing-prototypes -Wnested-externs -Wnormalized=id -Woverride-init -Wpointer-arith -Wpointer-sign -Wredundant-decls -Wshadow -Wsign-compare -Wstrict-overflow=1 -Wswitch-enum -Wundef -Wunused -Wunused-result  -Werror -Wunused-variable  conftest.c >&5
configure:22391: $? = 0
configure:22400: result: yes
configure:22416: : CFLAGS="$CFLAGS"
configure:22419: $? = 0
configure:22447: checking whether C compiler accepts -Wwrite-strings
configure:22466: gcc -c    -Wno-pragmas -Wall -Wno-strict-aliasing -Wextra -Wunknown-pragmas --param=ssp-buffer-size=1 -Waddress -Warray-bounds -Wbad-function-cast -Wchar-subscripts -Wcomment -Wfloat-equal -Wformat-security -Wformat=2 -Wmaybe-uninitialized -Wmissing-field-initializers -Wmissing-noreturn -Wmissing-prototypes -Wnested-externs -Wnormalized=id -Woverride-init -Wpointer-arith -Wpointer-sign -Wredundant-decls -Wshadow -Wsign-compare -Wstrict-overflow=1 -Wswitch-enum -Wundef -Wunused -Wunused-result -Wunused-variable  -Werror -Wwrite-strings  conftest.c >&5
configure:22466: $? = 0
configure:22475: result: yes
configure:22491: : CFLAGS="$CFLAGS"
configure:22494: $? = 0
configure:22522: checking whether C compiler accepts -fwrapv
configure:22541: gcc -c    -Wno-pragmas -Wall -Wno-strict-aliasing -Wextra -Wunknown-pragmas --param=ssp-buffer-size=1 -Waddress -Warray-bounds -Wbad-function-cast -Wchar-subscripts -Wcomment -Wfloat-equal -Wformat-security -Wformat=2 -Wmaybe-uninitialized -Wmissing-field-initializers -Wmissing-noreturn -Wmissing-prototypes -Wnested-externs -Wnormalized=id -Woverride-init -Wpointer-arith -Wpointer-sign -Wredundant-decls -Wshadow -Wsign-compare -Wstrict-overflow=1 -Wswitch-enum -Wundef -Wunused -Wunused-result -Wunused-variable -Wwrite-strings  -Werror -fwrapv  conftest.c >&5
configure:22541: $? = 0
configure:22550: result: yes
configure:22566: : CFLAGS="$CFLAGS"
configure:22569: $? = 0
configure:23559: result: creating wolfssl-config - generic 4.5.0 for -lwolfssl
configure:23684: checking the number of available CPUs
configure:23767: result: 4
configure:23784: adding automake macro support
configure:23788: creating aminclude.am
configure:23819: added jobserver support to make for 5 jobs
configure:23932: checking that generated files are newer than configure
configure:23938: result: done
configure:24430: creating ./config.status

## ---------------------- ##
## Running config.status. ##
## ---------------------- ##

This file was extended by wolfssl config.status 4.5.0, which was
generated by GNU Autoconf 2.69.  Invocation command line was

  CONFIG_FILES    = 
  CONFIG_HEADERS  = 
  CONFIG_LINKS    = 
  CONFIG_COMMANDS = 
  $ ./config.status 

on pi

config.status:1384: creating stamp-h
config.status:1384: creating Makefile
config.status:1384: creating wolfssl/version.h
config.status:1384: creating wolfssl/options.h
config.status:1384: creating cyassl/options.h
config.status:1384: creating support/wolfssl.pc
config.status:1384: creating rpm/spec
config.status:1384: creating config.h
config.status:1613: executing depfiles commands
config.status:1690: cd .       && sed -e '/# am--include-marker/d' Makefile         | make -f - am--depfiles
config.status:1695: $? = 0
config.status:1613: executing libtool commands

## ---------------- ##
## Cache variables. ##
## ---------------- ##

ac_cv_build=x86_64-pc-linux-gnu
ac_cv_c_bigendian=no
ac_cv_c_compiler_gnu=yes
ac_cv_c_uint8_t=yes
ac_cv_env_CCASFLAGS_set=
ac_cv_env_CCASFLAGS_value=
ac_cv_env_CCAS_set=
ac_cv_env_CCAS_value=
ac_cv_env_CC_set=
ac_cv_env_CC_value=
ac_cv_env_CFLAGS_set=
ac_cv_env_CFLAGS_value=
ac_cv_env_CPPFLAGS_set=
ac_cv_env_CPPFLAGS_value=
ac_cv_env_CPP_set=
ac_cv_env_CPP_value=
ac_cv_env_LDFLAGS_set=set
ac_cv_env_LDFLAGS_value=-static
ac_cv_env_LIBS_set=
ac_cv_env_LIBS_value=
ac_cv_env_LT_SYS_LIBRARY_PATH_set=
ac_cv_env_LT_SYS_LIBRARY_PATH_value=
ac_cv_env_build_alias_set=
ac_cv_env_build_alias_value=
ac_cv_env_host_alias_set=
ac_cv_env_host_alias_value=
ac_cv_env_target_alias_set=
ac_cv_env_target_alias_value=
ac_cv_func_getaddrinfo=yes
ac_cv_func_gethostbyname=yes
ac_cv_func_gettimeofday=yes
ac_cv_func_gmtime_r=yes
ac_cv_func_inet_ntoa=yes
ac_cv_func_memset=yes
ac_cv_func_socket=yes
ac_cv_header_arpa_inet_h=yes
ac_cv_header_dlfcn_h=yes
ac_cv_header_errno_h=yes
ac_cv_header_fcntl_h=yes
ac_cv_header_inttypes_h=yes
ac_cv_header_limits_h=yes
ac_cv_header_memory_h=yes
ac_cv_header_netdb_h=yes
ac_cv_header_netinet_in_h=yes
ac_cv_header_stdc=yes
ac_cv_header_stddef_h=yes
ac_cv_header_stdint_h=yes
ac_cv_header_stdlib_h=yes
ac_cv_header_string_h=yes
ac_cv_header_strings_h=yes
ac_cv_header_sys_ioctl_h=yes
ac_cv_header_sys_socket_h=yes
ac_cv_header_sys_stat_h=yes
ac_cv_header_sys_time_h=yes
ac_cv_header_sys_types_h=yes
ac_cv_header_unistd_h=yes
ac_cv_host=x86_64-pc-linux-gnu
ac_cv_lib_m_cos=yes
ac_cv_lib_network_socket=no
ac_cv_objext=o
ac_cv_path_EGREP='/usr/bin/grep -E'
ac_cv_path_FGREP='/usr/bin/grep -F'
ac_cv_path_GREP=/usr/bin/grep
ac_cv_path_SED=/usr/bin/sed
ac_cv_path_install='/usr/bin/install -c'
ac_cv_path_lt_DD=/usr/bin/dd
ac_cv_path_mkdir=/usr/bin/mkdir
ac_cv_prog_AWK=mawk
ac_cv_prog_CPP='gcc -E'
ac_cv_prog_ac_ct_AR=ar
ac_cv_prog_ac_ct_CC=gcc
ac_cv_prog_ac_ct_MANIFEST_TOOL=mt
ac_cv_prog_ac_ct_OBJDUMP=objdump
ac_cv_prog_ac_ct_RANLIB=ranlib
ac_cv_prog_ac_ct_STRIP=strip
ac_cv_prog_cc_c89=
ac_cv_prog_cc_g=yes
ac_cv_prog_make_make_set=yes
ac_cv_search_gethostbyname='none required'
ac_cv_search_socket='none required'
ac_cv_sizeof_long=8
ac_cv_sizeof_long_long=8
ac_cv_sizeof_time_t=8
ac_cv_tls=__thread
ac_cv_type___uint128_t=yes
ac_cv_type_size_t=yes
ac_cv_vcs_checkout=no
ac_cv_vcs_system=none
ac_cv_warnings_as_errors=no
am_cv_CCAS_dependencies_compiler_type=gcc3
am_cv_CC_dependencies_compiler_type=gcc3
am_cv_make_support_nested_variables=yes
am_cv_prog_cc_c_o=yes
am_cv_prog_tar_ustar=gnutar
ax_cv_PTHREAD_CLANG=no
ax_cv_PTHREAD_JOINABLE_ATTR=PTHREAD_CREATE_JOINABLE
ax_cv_PTHREAD_PRIO_INHERIT=yes
ax_cv_PTHREAD_SPECIAL_FLAGS=no
ax_cv_check_cflags__Waddress=yes
ax_cv_check_cflags__Wall=yes
ax_cv_check_cflags__Warray_bounds=yes
ax_cv_check_cflags__Wbad_function_cast=yes
ax_cv_check_cflags__Wchar_subscripts=yes
ax_cv_check_cflags__Wcomment=yes
ax_cv_check_cflags__Wextra=yes
ax_cv_check_cflags__Wfloat_equal=yes
ax_cv_check_cflags__Wformat_2=yes
ax_cv_check_cflags__Wformat_security=yes
ax_cv_check_cflags__Wmaybe_uninitialized=yes
ax_cv_check_cflags__Wmissing_field_initializers=yes
ax_cv_check_cflags__Wmissing_noreturn=yes
ax_cv_check_cflags__Wmissing_prototypes=yes
ax_cv_check_cflags__Wnested_externs=yes
ax_cv_check_cflags__Wno_pragmas=yes
ax_cv_check_cflags__Wno_strict_aliasing=yes
ax_cv_check_cflags__Wnormalized_id=yes
ax_cv_check_cflags__Woverride_init=yes
ax_cv_check_cflags__Wpointer_arith=yes
ax_cv_check_cflags__Wpointer_sign=yes
ax_cv_check_cflags__Wredundant_decls=yes
ax_cv_check_cflags__Wshadow=yes
ax_cv_check_cflags__Wshorten_64_to_32=no
ax_cv_check_cflags__Wsign_compare=yes
ax_cv_check_cflags__Wstrict_overflow_1=yes
ax_cv_check_cflags__Wstrict_prototypes=no
ax_cv_check_cflags__Wswitch_enum=yes
ax_cv_check_cflags__Wthis_test_should_fail=no
ax_cv_check_cflags__Wundef=yes
ax_cv_check_cflags__Wunknown_pragmas=yes
ax_cv_check_cflags__Wunused=yes
ax_cv_check_cflags__Wunused_result=yes
ax_cv_check_cflags__Wunused_variable=yes
ax_cv_check_cflags__Wwrite_strings=yes
ax_cv_check_cflags___Werror=yes
ax_cv_check_cflags___param_ssp_buffer_size_1=yes
ax_cv_check_cflags__fwrapv=yes
ax_cv_check_ldflags___Werror=yes
ax_cv_check_ldflags__pie=yes
ax_cv_check_ldflags__z_relro__z_now=yes
gl_cv_cc_vis_werror=yes
gl_cv_cc_visibility=yes
lt_cv_ar_at_file=@
lt_cv_archive_cmds_need_lc=no
lt_cv_deplibs_check_method=pass_all
lt_cv_file_magic_cmd='$MAGIC_CMD'
lt_cv_file_magic_test_file=
lt_cv_ld_reload_flag=-r
lt_cv_nm_interface='BSD nm'
lt_cv_objdir=.libs
lt_cv_path_LD=/usr/bin/ld
lt_cv_path_NM='/usr/bin/nm -B'
lt_cv_path_mainfest_tool=no
lt_cv_prog_compiler_c_o=yes
lt_cv_prog_compiler_pic='-fPIC -DPIC'
lt_cv_prog_compiler_pic_works=yes
lt_cv_prog_compiler_rtti_exceptions=no
lt_cv_prog_compiler_static_works=yes
lt_cv_prog_gnu_ld=yes
lt_cv_sharedlib_from_linklib_cmd='printf %s\n'
lt_cv_shlibpath_overrides_runpath=no
lt_cv_sys_global_symbol_pipe='sed -n -e '\''s/^.*[	 ]\([ABCDGIRSTW][ABCDGIRSTW]*\)[	 ][	 ]*\([_A-Za-z][_A-Za-z0-9]*\)$/\1 \2 \2/p'\'' | sed '\''/ __gnu_lto/d'\'''
lt_cv_sys_global_symbol_to_c_name_address='sed -n -e '\''s/^: \(.*\) .*$/  {"\1", (void *) 0},/p'\'' -e '\''s/^[ABCDGIRSTW][ABCDGIRSTW]* .* \(.*\)$/  {"\1", (void *) \&\1},/p'\'''
lt_cv_sys_global_symbol_to_c_name_address_lib_prefix='sed -n -e '\''s/^: \(.*\) .*$/  {"\1", (void *) 0},/p'\'' -e '\''s/^[ABCDGIRSTW][ABCDGIRSTW]* .* \(lib.*\)$/  {"\1", (void *) \&\1},/p'\'' -e '\''s/^[ABCDGIRSTW][ABCDGIRSTW]* .* \(.*\)$/  {"lib\1", (void *) \&\1},/p'\'''
lt_cv_sys_global_symbol_to_cdecl='sed -n -e '\''s/^T .* \(.*\)$/extern int \1();/p'\'' -e '\''s/^[ABCDGIRSTW][ABCDGIRSTW]* .* \(.*\)$/extern char \1;/p'\'''
lt_cv_sys_global_symbol_to_import=
lt_cv_sys_max_cmd_len=1572864
lt_cv_to_host_file_cmd=func_convert_file_noop
lt_cv_to_tool_file_cmd=func_convert_file_noop
lt_cv_truncate_bin='/usr/bin/dd bs=4096 count=1'

## ----------------- ##
## Output variables. ##
## ----------------- ##

ACLOCAL='${SHELL} /home/xren/src/wolfssl-4.5.0/build-aux/missing aclocal-1.16'
AMDEPBACKSLASH='\'
AMDEP_FALSE='#'
AMDEP_TRUE=''
AMINCLUDE='aminclude.am'
AMTAR='$${TAR-tar}'
AM_BACKSLASH='\'
AM_CCASFLAGS=''
AM_CFLAGS='-DWOLFSSL_TLS13 -DHAVE_TLS_EXTENSIONS -DHAVE_SUPPORTED_CURVES -DHAVE_FFDHE_2048 -D_POSIX_THREADS  -fvisibility=hidden -DHAVE_THREAD_LS -DNDEBUG -pthread -DTFM_TIMING_RESISTANT -DECC_TIMING_RESISTANT -DWC_RSA_BLINDING -DHAVE_AESGCM -DWOLFSSL_SHA512 -DWOLFSSL_SHA384 -DHAVE_HKDF -DNO_DSA -DHAVE_ECC -DTFM_ECC256 -DECC_SHAMIR -DWC_RSA_PSS -DWOLFSSL_BASE64_ENCODE -DNO_RC4 -DNO_HC128 -DNO_RABBIT -DWOLFSSL_SHA224 -DWOLFSSL_SHA3 -DWOLFSSL_SHAKE256 -DHAVE_POLY1305 -DHAVE_ONE_TIME_AUTH -DHAVE_CHACHA -DHAVE_HASHDRBG -DHAVE_TLS_EXTENSIONS -DHAVE_SUPPORTED_CURVES -DHAVE_EXTENDED_MASTER -DNO_RC4 -DHAVE_ENCRYPT_THEN_MAC -DNO_PSK -DNO_MD4 -DNO_PWDBASED -DUSE_FAST_MATH -DWOLFSSL_X86_64_BUILD -DWC_NO_ASYNC_THREADING -DHAVE_DH_DEFAULT_PARAMS -DNO_DES3 -Wall -Wno-unused -O2 -DHAVE___UINT128_T=1'
AM_CPPFLAGS=''
AM_DEFAULT_V='$(AM_DEFAULT_VERBOSITY)'
AM_DEFAULT_VERBOSITY='0'
AM_LDFLAGS=''
AM_V='$(V)'
AR='ar'
AS='as'
AUTOCONF='${SHELL} /home/xren/src/wolfssl-4.5.0/build-aux/missing autoconf'
AUTOHEADER='${SHELL} /home/xren/src/wolfssl-4.5.0/build-aux/missing autoheader'
AUTOMAKE='${SHELL} /home/xren/src/wolfssl-4.5.0/build-aux/missing automake-1.16'
AWK='mawk'
BUILD_AESCCM_FALSE=''
BUILD_AESCCM_TRUE='#'
BUILD_AESGCM_FALSE='#'
BUILD_AESGCM_TRUE=''
BUILD_AESNI_FALSE=''
BUILD_AESNI_TRUE='#'
BUILD_AES_FALSE='#'
BUILD_AES_TRUE=''
BUILD_AFALG_FALSE=''
BUILD_AFALG_TRUE='#'
BUILD_ALL_FALSE=''
BUILD_ALL_TRUE='#'
BUILD_ARMASM_FALSE=''
BUILD_ARMASM_TRUE='#'
BUILD_ASN_FALSE='#'
BUILD_ASN_TRUE=''
BUILD_ASYNCCRYPT_FALSE=''
BUILD_ASYNCCRYPT_TRUE='#'
BUILD_BLAKE2S_FALSE=''
BUILD_BLAKE2S_TRUE='#'
BUILD_BLAKE2_FALSE=''
BUILD_BLAKE2_TRUE='#'
BUILD_CAMELLIA_FALSE=''
BUILD_CAMELLIA_TRUE='#'
BUILD_CAVIUM_FALSE=''
BUILD_CAVIUM_TRUE='#'
BUILD_CAVIUM_V_FALSE=''
BUILD_CAVIUM_V_TRUE='#'
BUILD_CHACHA_FALSE='#'
BUILD_CHACHA_TRUE=''
BUILD_CMAC_FALSE=''
BUILD_CMAC_TRUE='#'
BUILD_CODING_FALSE='#'
BUILD_CODING_TRUE=''
BUILD_CRL_FALSE=''
BUILD_CRL_MONITOR_FALSE=''
BUILD_CRL_MONITOR_TRUE='#'
BUILD_CRL_TRUE='#'
BUILD_CRYPTOAUTHLIB_FALSE=''
BUILD_CRYPTOAUTHLIB_TRUE='#'
BUILD_CRYPTOCB_FALSE=''
BUILD_CRYPTOCB_TRUE='#'
BUILD_CRYPTONLY_FALSE=''
BUILD_CRYPTONLY_TRUE='#'
BUILD_CURVE25519_FALSE=''
BUILD_CURVE25519_SMALL_FALSE=''
BUILD_CURVE25519_SMALL_TRUE='#'
BUILD_CURVE25519_TRUE='#'
BUILD_CURVE448_FALSE=''
BUILD_CURVE448_SMALL_FALSE=''
BUILD_CURVE448_SMALL_TRUE='#'
BUILD_CURVE448_TRUE='#'
BUILD_DES3_FALSE=''
BUILD_DES3_TRUE='#'
BUILD_DEVCRYPTO_FALSE=''
BUILD_DEVCRYPTO_TRUE='#'
BUILD_DH_FALSE='#'
BUILD_DH_TRUE=''
BUILD_DISTRO_FALSE=''
BUILD_DISTRO_TRUE='#'
BUILD_DSA_FALSE=''
BUILD_DSA_TRUE='#'
BUILD_ECC_FALSE='#'
BUILD_ECC_TRUE=''
BUILD_ED25519_FALSE=''
BUILD_ED25519_SMALL_FALSE=''
BUILD_ED25519_SMALL_TRUE='#'
BUILD_ED25519_TRUE='#'
BUILD_ED448_FALSE=''
BUILD_ED448_SMALL_FALSE=''
BUILD_ED448_SMALL_TRUE='#'
BUILD_ED448_TRUE='#'
BUILD_EXAMPLE_CLIENTS_FALSE='#'
BUILD_EXAMPLE_CLIENTS_TRUE=''
BUILD_EXAMPLE_SERVERS_FALSE='#'
BUILD_EXAMPLE_SERVERS_TRUE=''
BUILD_FASTMATH_FALSE='#'
BUILD_FASTMATH_TRUE=''
BUILD_FAST_RSA_FALSE=''
BUILD_FAST_RSA_TRUE='#'
BUILD_FE448_FALSE=''
BUILD_FE448_TRUE='#'
BUILD_FEMATH_FALSE=''
BUILD_FEMATH_TRUE='#'
BUILD_FIPS_FALSE=''
BUILD_FIPS_RAND_FALSE=''
BUILD_FIPS_RAND_TRUE='#'
BUILD_FIPS_TRUE='#'
BUILD_FIPS_V1_FALSE=''
BUILD_FIPS_V1_TRUE='#'
BUILD_FIPS_V2_FALSE=''
BUILD_FIPS_V2_TRUE='#'
BUILD_GE448_FALSE=''
BUILD_GE448_TRUE='#'
BUILD_GEMATH_FALSE=''
BUILD_GEMATH_TRUE='#'
BUILD_HASHFLAGS_FALSE=''
BUILD_HASHFLAGS_TRUE='#'
BUILD_HC128_FALSE=''
BUILD_HC128_TRUE='#'
BUILD_IDEA_FALSE=''
BUILD_IDEA_TRUE='#'
BUILD_INLINE_FALSE='#'
BUILD_INLINE_TRUE=''
BUILD_INTELASM_FALSE=''
BUILD_INTELASM_TRUE='#'
BUILD_INTEL_QA_FALSE=''
BUILD_INTEL_QA_SYNC_FALSE=''
BUILD_INTEL_QA_SYNC_TRUE='#'
BUILD_INTEL_QA_TRUE='#'
BUILD_IPV6_FALSE=''
BUILD_IPV6_TRUE='#'
BUILD_LEANPSK_FALSE=''
BUILD_LEANPSK_TRUE='#'
BUILD_LEANTLS_FALSE=''
BUILD_LEANTLS_TRUE='#'
BUILD_LIBZ_FALSE=''
BUILD_LIBZ_TRUE='#'
BUILD_LOWMEM_FALSE=''
BUILD_LOWMEM_TRUE='#'
BUILD_MCAPI_FALSE=''
BUILD_MCAPI_TRUE='#'
BUILD_MCAST_FALSE=''
BUILD_MCAST_TRUE='#'
BUILD_MD2_FALSE=''
BUILD_MD2_TRUE='#'
BUILD_MD4_FALSE=''
BUILD_MD4_TRUE='#'
BUILD_MD5_FALSE='#'
BUILD_MD5_TRUE=''
BUILD_MEMORY_FALSE='#'
BUILD_MEMORY_TRUE=''
BUILD_NTRU_FALSE=''
BUILD_NTRU_TRUE='#'
BUILD_OCSP_FALSE=''
BUILD_OCSP_STAPLING_FALSE=''
BUILD_OCSP_STAPLING_TRUE='#'
BUILD_OCSP_STAPLING_V2_FALSE=''
BUILD_OCSP_STAPLING_V2_TRUE='#'
BUILD_OCSP_TRUE='#'
BUILD_OCTEON_SYNC_FALSE=''
BUILD_OCTEON_SYNC_TRUE='#'
BUILD_PKCALLBACKS_FALSE=''
BUILD_PKCALLBACKS_TRUE='#'
BUILD_PKCS11_FALSE=''
BUILD_PKCS11_TRUE='#'
BUILD_PKCS12_FALSE='#'
BUILD_PKCS12_TRUE=''
BUILD_PKCS7_FALSE=''
BUILD_PKCS7_TRUE='#'
BUILD_PKI_FALSE='#'
BUILD_PKI_TRUE=''
BUILD_POLY1305_FALSE='#'
BUILD_POLY1305_TRUE=''
BUILD_PSK_FALSE=''
BUILD_PSK_TRUE='#'
BUILD_PWDBASED_FALSE=''
BUILD_PWDBASED_TRUE='#'
BUILD_RABBIT_FALSE=''
BUILD_RABBIT_TRUE='#'
BUILD_RC4_FALSE=''
BUILD_RC4_TRUE='#'
BUILD_RIPEMD_FALSE=''
BUILD_RIPEMD_TRUE='#'
BUILD_RNG_FALSE='#'
BUILD_RNG_TRUE=''
BUILD_RSA_FALSE='#'
BUILD_RSA_TRUE=''
BUILD_SCRYPT_FALSE=''
BUILD_SCRYPT_TRUE='#'
BUILD_SCTP_FALSE=''
BUILD_SCTP_TRUE='#'
BUILD_SELFTEST_FALSE=''
BUILD_SELFTEST_TRUE='#'
BUILD_SHA224_FALSE='#'
BUILD_SHA224_TRUE=''
BUILD_SHA3_FALSE='#'
BUILD_SHA3_TRUE=''
BUILD_SHA512_FALSE='#'
BUILD_SHA512_TRUE=''
BUILD_SHA_FALSE='#'
BUILD_SHA_TRUE=''
BUILD_SLOWMATH_FALSE=''
BUILD_SLOWMATH_TRUE='#'
BUILD_SNIFFER_FALSE=''
BUILD_SNIFFER_TRUE='#'
BUILD_SNIFFTEST_FALSE=''
BUILD_SNIFFTEST_TRUE='#'
BUILD_SP_ARM32_FALSE=''
BUILD_SP_ARM32_TRUE='#'
BUILD_SP_ARM64_FALSE=''
BUILD_SP_ARM64_TRUE='#'
BUILD_SP_ARM_CORTEX_FALSE=''
BUILD_SP_ARM_CORTEX_TRUE='#'
BUILD_SP_ARM_THUMB_FALSE=''
BUILD_SP_ARM_THUMB_TRUE='#'
BUILD_SP_C_FALSE=''
BUILD_SP_C_TRUE='#'
BUILD_SP_FALSE=''
BUILD_SP_INT_FALSE=''
BUILD_SP_INT_TRUE='#'
BUILD_SP_TRUE='#'
BUILD_SP_X86_64_FALSE=''
BUILD_SP_X86_64_TRUE='#'
BUILD_SRP_FALSE=''
BUILD_SRP_TRUE='#'
BUILD_TESTS_FALSE='#'
BUILD_TESTS_TRUE=''
BUILD_THREADED_EXAMPLES_FALSE='#'
BUILD_THREADED_EXAMPLES_TRUE=''
BUILD_TLS13_FALSE='#'
BUILD_TLS13_TRUE=''
BUILD_TRUST_PEER_CERT_FALSE=''
BUILD_TRUST_PEER_CERT_TRUE='#'
BUILD_USER_CRYPTO_FALSE=''
BUILD_USER_CRYPTO_TRUE='#'
BUILD_USER_RSA_FALSE=''
BUILD_USER_RSA_TRUE='#'
BUILD_WNR_FALSE=''
BUILD_WNR_TRUE='#'
BUILD_WOLFCRYPT_TESTS_FALSE='#'
BUILD_WOLFCRYPT_TESTS_TRUE=''
BUILD_WOLFEVENT_FALSE=''
BUILD_WOLFEVENT_TRUE='#'
BUILD_XILINX_FALSE=''
BUILD_XILINX_TRUE='#'
CC='gcc'
CCAS='gcc'
CCASDEPMODE='depmode=gcc3'
CCASFLAGS='  '
CCDEPMODE='depmode=gcc3'
CFLAGS='   -Wno-pragmas -Wall -Wno-strict-aliasing -Wextra -Wunknown-pragmas --param=ssp-buffer-size=1 -Waddress -Warray-bounds -Wbad-function-cast -Wchar-subscripts -Wcomment -Wfloat-equal -Wformat-security -Wformat=2 -Wmaybe-uninitialized -Wmissing-field-initializers -Wmissing-noreturn -Wmissing-prototypes -Wnested-externs -Wnormalized=id -Woverride-init -Wpointer-arith -Wpointer-sign -Wredundant-decls -Wshadow -Wsign-compare -Wstrict-overflow=1 -Wswitch-enum -Wundef -Wunused -Wunused-result -Wunused-variable -Wwrite-strings -fwrapv'
CFLAG_VISIBILITY='-fvisibility=hidden'
CPP='gcc -E'
CPPFLAGS=''
CYGPATH_W='echo'
DEBUG_FALSE=''
DEBUG_TRUE='#'
DEFS='-DHAVE_CONFIG_H'
DEPDIR='.deps'
DLLTOOL='false'
DSYMUTIL=''
DUMPBIN=''
ECHO_C=''
ECHO_N='-n'
ECHO_T=''
EGREP='/usr/bin/grep -E'
EXEEXT=''
FGREP='/usr/bin/grep -F'
GENERIC_CONFIG='wolfssl-config'
GREP='/usr/bin/grep'
HAVE_OPENSSL_CMD=''
HAVE_VALGRIND=''
HAVE_VISIBILITY='1'
HEX_VERSION='0x04005000'
INC_AMINCLUDE='include $(top_builddir)/aminclude.am'
INSTALL_DATA='${INSTALL} -m 644'
INSTALL_PROGRAM='${INSTALL}'
INSTALL_SCRIPT='${INSTALL}'
INSTALL_STRIP_PROGRAM='$(install_sh) -c -s'
IPPHEADERS=''
IPPLIBS=''
IPPLINK=''
IS_VCS_CHECKOUT_FALSE=''
IS_VCS_CHECKOUT_TRUE='#'
LD='/usr/bin/ld -m elf_x86_64'
LDFLAGS='-static'
LIBM='-lm'
LIBOBJS=''
LIBS=' '
LIBTOOL='$(SHELL) $(top_builddir)/libtool'
LIB_ADD=''
LIB_STATIC_ADD=''
LIPO=''
LN_S='ln -s'
LTLIBOBJS=''
LT_SYS_LIBRARY_PATH=''
MAKEINFO='${SHELL} /home/xren/src/wolfssl-4.5.0/build-aux/missing makeinfo'
MANIFEST_TOOL=':'
MCHECK=''
MKDIR_P='/usr/bin/mkdir -p'
NM='/usr/bin/nm -B'
NMEDIT=''
OBJDUMP='objdump'
OBJEXT='o'
OTOOL64=''
OTOOL=''
PACKAGE='wolfssl'
PACKAGE_BUGREPORT='https://github.com/wolfssl/wolfssl/issues'
PACKAGE_NAME='wolfssl'
PACKAGE_STRING='wolfssl 4.5.0'
PACKAGE_TARNAME='wolfssl'
PACKAGE_URL='https://www.wolfssl.com'
PACKAGE_VERSION='4.5.0'
PATH_SEPARATOR=':'
PTHREAD_CC='gcc'
PTHREAD_CFLAGS='-pthread'
PTHREAD_LIBS=''
RANLIB='ranlib'
SED='/usr/bin/sed'
SET_MAKE=''
SHELL='/bin/bash'
STRIP='strip'
USE_VALGRIND_FALSE=''
USE_VALGRIND_TRUE='#'
VERSION='4.5.0'
WOLFSSL_LIBRARY_VERSION='26:0:2'
ac_ct_AR='ar'
ac_ct_CC='gcc'
ac_ct_DUMPBIN=''
am__EXEEXT_FALSE=''
am__EXEEXT_TRUE='#'
am__fastdepCCAS_FALSE='#'
am__fastdepCCAS_TRUE=''
am__fastdepCC_FALSE='#'
am__fastdepCC_TRUE=''
am__include='include'
am__isrc=''
am__leading_dot='.'
am__nodep='_no'
am__quote=''
am__tar='tar --format=ustar -chf - "$$tardir"'
am__untar='tar -xf -'
ax_pthread_config=''
bindir='${exec_prefix}/bin'
build='x86_64-pc-linux-gnu'
build_alias=''
build_cpu='x86_64'
build_os='linux-gnu'
build_vendor='pc'
datadir='${datarootdir}'
datarootdir='${prefix}/share'
docdir='${datarootdir}/doc/${PACKAGE_TARNAME}'
dvidir='${docdir}'
exec_prefix='${prefix}'
host='x86_64-pc-linux-gnu'
host_alias=''
host_cpu='x86_64'
host_os='linux-gnu'
host_vendor='pc'
htmldir='${docdir}'
includedir='${prefix}/include'
infodir='${datarootdir}/info'
install_sh='${SHELL} /home/xren/src/wolfssl-4.5.0/build-aux/install-sh'
libdir='${exec_prefix}/lib'
libexecdir='${exec_prefix}/libexec'
localedir='${datarootdir}/locale'
localstatedir='${prefix}/var'
mandir='${datarootdir}/man'
mkdir_p='$(MKDIR_P)'
oldincludedir='/usr/include'
pdfdir='${docdir}'
prefix='/usr/local'
program_transform_name='s,x,x,'
psdir='${docdir}'
sbindir='${exec_prefix}/sbin'
sharedstatedir='${prefix}/com'
sysconfdir='${prefix}/etc'
target_alias=''

## ----------- ##
## confdefs.h. ##
## ----------- ##

/* confdefs.h */
#define PACKAGE_NAME "wolfssl"
#define PACKAGE_TARNAME "wolfssl"
#define PACKAGE_VERSION "4.5.0"
#define PACKAGE_STRING "wolfssl 4.5.0"
#define PACKAGE_BUGREPORT "https://github.com/wolfssl/wolfssl/issues"
#define PACKAGE_URL "https://www.wolfssl.com"
#define STDC_HEADERS 1
#define HAVE_SYS_TYPES_H 1
#define HAVE_SYS_STAT_H 1
#define HAVE_STDLIB_H 1
#define HAVE_STRING_H 1
#define HAVE_MEMORY_H 1
#define HAVE_STRINGS_H 1
#define HAVE_INTTYPES_H 1
#define HAVE_STDINT_H 1
#define HAVE_UNISTD_H 1
#define HAVE_DLFCN_H 1
#define LT_OBJDIR ".libs/"
#define HAVE_VISIBILITY 1
#define SIZEOF_LONG_LONG 8
#define SIZEOF_LONG 8
#define SIZEOF_TIME_T 8
#define HAVE___UINT128_T 1
#define HAVE_GETHOSTBYNAME 1
#define HAVE_GETADDRINFO 1
#define HAVE_GETTIMEOFDAY 1
#define HAVE_GMTIME_R 1
#define HAVE_INET_NTOA 1
#define HAVE_MEMSET 1
#define HAVE_SOCKET 1
#define HAVE_ARPA_INET_H 1
#define HAVE_FCNTL_H 1
#define HAVE_LIMITS_H 1
#define HAVE_NETDB_H 1
#define HAVE_NETINET_IN_H 1
#define HAVE_STDDEF_H 1
#define HAVE_SYS_IOCTL_H 1
#define HAVE_SYS_SOCKET_H 1
#define HAVE_SYS_TIME_H 1
#define HAVE_ERRNO_H 1
#define TLS __thread
#define DEBUG 0
#define HAVE_PTHREAD_PRIO_INHERIT 1
#define HAVE_PTHREAD 1
#define BUILD_USER_RSA /**/
#define VCS_SYSTEM "none"
#define VCS_CHECKOUT 0

configure: exit 0
